Log file open, 10/24/23 19:53:13
LogWindows: Failed to load 'aqProf.dll' (GetLastError=126)
LogWindows: File 'aqProf.dll' does not exist
LogWindows: Failed to load 'VtuneApi.dll' (GetLastError=126)
LogWindows: File 'VtuneApi.dll' does not exist
LogWindows: Failed to load 'VtuneApi32e.dll' (GetLastError=126)
LogWindows: File 'VtuneApi32e.dll' does not exist
LogConsoleResponse: Display: Failed to find resolution value strings in scalability ini. Falling back to default.
LogConsoleResponse: Display: Failed to find resolution value strings in scalability ini. Falling back to default.
LogInit: Display: Running engine for game: UE4AustinOzanFPS
LogPlatformFile: Not using cached read wrapper
LogTaskGraph: Started task graph with 5 named threads and 23 total threads with 3 sets of task threads.
LogStats: Stats thread started at 0.320730
LogICUInternationalization: ICU TimeZone Detection - Raw Offset: -6:00, Platform Override: ''
LogInit: Display: Loading text-based GConfig....
LogPluginManager: Mounting plugin MeshPainting
LogPluginManager: Mounting plugin XGEController
LogPluginManager: Mounting plugin Paper2D
LogPluginManager: Mounting plugin LightPropagationVolume
LogPluginManager: Mounting plugin LiveLink
LogPluginManager: Mounting plugin OodleData
LogPluginManager: Mounting plugin OodleNetwork
LogPluginManager: Mounting plugin CLionSourceCodeAccess
LogPluginManager: Mounting plugin AnimationSharing
LogPluginManager: Mounting plugin AssetManagerEditor
LogPluginManager: Mounting plugin CryptoKeys
LogPluginManager: Mounting plugin CurveEditorTools
LogPluginManager: Mounting plugin GameplayTagsEditor
LogPluginManager: Mounting plugin DataValidation
LogPluginManager: Mounting plugin FacialAnimation
LogPluginManager: Mounting plugin GeometryMode
LogPluginManager: Mounting plugin MacGraphicsSwitching
LogPluginManager: Mounting plugin MaterialAnalyzer
LogPluginManager: Mounting plugin PluginBrowser
LogPluginManager: Mounting plugin MobileLauncherProfileWizard
LogPluginManager: Mounting plugin CodeLiteSourceCodeAccess
LogPluginManager: Mounting plugin SpeedTreeImporter
LogPluginManager: Mounting plugin KDevelopSourceCodeAccess
LogPluginManager: Mounting plugin GitSourceControl
LogPluginManager: Mounting plugin NullSourceCodeAccess
LogPluginManager: Mounting plugin PerforceSourceControl
LogPluginManager: Mounting plugin PlasticSourceControl
LogPluginManager: Mounting plugin PixWinPlugin
LogPluginManager: Mounting plugin PropertyAccessNode
LogPluginManager: Mounting plugin PluginUtils
LogPluginManager: Mounting plugin RiderSourceCodeAccess
LogPluginManager: Mounting plugin SubversionSourceControl
LogPluginManager: Mounting plugin TextureFormatOodle
LogPluginManager: Mounting plugin UObjectPlugin
LogPluginManager: Mounting plugin VisualStudioCodeSourceCodeAccess
LogPluginManager: Mounting plugin VisualStudioSourceCodeAccess
LogPluginManager: Mounting plugin XCodeSourceCodeAccess
LogPluginManager: Mounting plugin DatasmithContent
LogPluginManager: Mounting plugin AlembicImporter
LogPluginManager: Mounting plugin AutomationUtils
LogPluginManager: Mounting plugin BackChannel
LogPluginManager: Mounting plugin VariantManagerContent
LogPluginManager: Mounting plugin ChaosCloth
LogPluginManager: Mounting plugin ChaosClothEditor
LogPluginManager: Mounting plugin ChaosEditor
LogPluginManager: Mounting plugin ChaosNiagara
LogPluginManager: Mounting plugin ChaosSolverPlugin
LogPluginManager: Mounting plugin CharacterAI
LogPluginManager: Mounting plugin GeometryCache
LogPluginManager: Mounting plugin GeometryCollectionPlugin
LogPluginManager: Mounting plugin GeometryProcessing
LogPluginManager: Mounting plugin OpenImageDenoise
LogPluginManager: Mounting plugin MotoSynth
LogPluginManager: Mounting plugin PlanarCut
LogPluginManager: Mounting plugin PlatformCrypto
LogPluginManager: Mounting plugin ProxyLODPlugin
LogPluginManager: Mounting plugin PythonScriptPlugin
LogPluginManager: Mounting plugin SkeletalReduction
LogPluginManager: Mounting plugin Niagara
LogPluginManager: Mounting plugin LuminPlatformFeatures
LogPluginManager: Mounting plugin MagicLeap
LogPluginManager: Mounting plugin MagicLeapLightEstimation
LogPluginManager: Mounting plugin MagicLeapMedia
LogPluginManager: Mounting plugin MagicLeapPassableWorld
LogPluginManager: Mounting plugin MLSDK
LogPluginManager: Mounting plugin AndroidMedia
LogPluginManager: Mounting plugin AvfMedia
LogPluginManager: Mounting plugin ImgMedia
LogPluginManager: Mounting plugin MediaCompositing
LogPluginManager: Mounting plugin MediaPlayerEditor
LogPluginManager: Mounting plugin WebMMedia
LogPluginManager: Mounting plugin WmfMedia
LogPluginManager: Mounting plugin TcpMessaging
LogPluginManager: Mounting plugin UdpMessaging
LogPluginManager: Mounting plugin ActorSequence
LogPluginManager: Mounting plugin LevelSequenceEditor
LogPluginManager: Mounting plugin MatineeToLevelSequence
LogPluginManager: Mounting plugin TemplateSequence
LogPluginManager: Mounting plugin LauncherChunkInstaller
LogPluginManager: Mounting plugin OnlineSubsystem
LogPluginManager: Mounting plugin OnlineSubsystemNull
LogPluginManager: Mounting plugin OnlineSubsystemUtils
LogPluginManager: Mounting plugin ActorLayerUtilities
LogPluginManager: Mounting plugin AndroidDeviceProfileSelector
LogPluginManager: Mounting plugin AndroidMoviePlayer
LogPluginManager: Mounting plugin AndroidPermission
LogPluginManager: Mounting plugin AppleImageUtils
LogPluginManager: Mounting plugin AppleMoviePlayer
LogPluginManager: Mounting plugin ArchVisCharacter
LogPluginManager: Mounting plugin AssetTags
LogPluginManager: Mounting plugin AudioCapture
LogPluginManager: Mounting plugin AudioSynesthesia
LogPluginManager: Mounting plugin CableComponent
LogPluginManager: Mounting plugin ChunkDownloader
LogPluginManager: Mounting plugin CustomMeshComponent
LogPluginManager: Mounting plugin EditableMesh
LogPluginManager: Mounting plugin ExampleDeviceProfileSelector
LogPluginManager: Mounting plugin GoogleCloudMessaging
LogPluginManager: Mounting plugin GooglePAD
LogPluginManager: Mounting plugin IOSDeviceProfileSelector
LogPluginManager: Mounting plugin LinuxDeviceProfileSelector
LogPluginManager: Mounting plugin LocationServicesBPLibrary
LogPluginManager: Mounting plugin MobilePatchingUtils
LogPluginManager: Mounting plugin OpenXR
LogPluginManager: Mounting plugin OpenXREyeTracker
LogPluginManager: Mounting plugin OpenXRHandTracking
LogPluginManager: Mounting plugin PhysXVehicles
LogPluginManager: Mounting plugin PostSplashScreen
LogPluginManager: Mounting plugin ProceduralMeshComponent
LogPluginManager: Mounting plugin PropertyAccessEditor
LogPluginManager: Mounting plugin SignificanceManager
LogPluginManager: Mounting plugin SoundFields
LogPluginManager: Mounting plugin RuntimePhysXCooking
LogPluginManager: Mounting plugin Synthesis
LogPluginManager: Mounting plugin WebMMoviePlayer
LogPluginManager: Mounting plugin WindowsMoviePlayer
LogPluginManager: Mounting plugin Takes
LogPluginManager: Mounting plugin GameplayCameras
LogPluginManager: Mounting plugin ScreenshotTools
LogPluginManager: Mounting plugin CameraShakePreviewer
LogPluginManager: Mounting plugin AISupport
LogPluginManager: Mounting plugin EnvironmentQueryEditor
LogPluginManager: Mounting plugin ContentBrowserClassDataSource
LogPluginManager: Mounting plugin ContentBrowserAssetDataSource
LogPluginManager: Mounting plugin ContentBrowserFileDataSource
LogPluginManager: Mounting plugin OnlineSubsystemGooglePlay
LogPluginManager: Mounting plugin OnlineSubsystemIOS
LogPluginManager: Mounting plugin OculusVR
LogPluginManager: Mounting plugin SteamVR
PixWinPlugin: PIX capture plugin failed to initialize! Check that the process is launched from PIX.
LogLuminAPIImpl: Warning: MLSDK not found.  This likely means the MLSDK environment variable is not set.
LogInit: Using libcurl 7.55.1-DEV
LogInit:  - built for x86_64-pc-win32
LogInit:  - supports SSL with OpenSSL/1.1.1
LogInit:  - supports HTTP deflate (compression) using libz 1.2.8
LogInit:  - other features:
LogInit:      CURL_VERSION_SSL
LogInit:      CURL_VERSION_LIBZ
LogInit:      CURL_VERSION_IPV6
LogInit:      CURL_VERSION_ASYNCHDNS
LogInit:      CURL_VERSION_LARGEFILE
LogInit:      CURL_VERSION_IDN
LogInit:  CurlRequestOptions (configurable via config and command line):
LogInit:  - bVerifyPeer = true  - Libcurl will verify peer certificate
LogInit:  - bUseHttpProxy = false  - Libcurl will NOT use HTTP proxy
LogInit:  - bDontReuseConnections = false  - Libcurl will reuse connections
LogInit:  - MaxHostConnections = 16  - Libcurl will limit the number of connections to a host
LogInit:  - LocalHostAddr = Default
LogInit:  - BufferSize = 65536
LogOnline: OSS: Creating online subsystem instance for: NULL
LogInit: WinSock: version 1.1 (2.2), MaxSocks=32767, MaxUdp=65467
LogOnline: OSS: TryLoadSubsystemAndSetDefault: Loaded subsystem for module [NULL]
LogOculusPluginWrapper: OculusPlugin initialized successfully
LogHMD: Failed initializing OVRPlugin 1.59.0
LogInit: Build: ++UE4+Release-4.27-CL-18319896
LogInit: Engine Version: 4.27.2-18319896+++UE4+Release-4.27
LogInit: Compatible Engine Version: 4.27.0-17155196+++UE4+Release-4.27
LogInit: Net CL: 17155196
LogInit: OS: Windows 10 (Release 2009) (), CPU: AMD Ryzen 5 3550H with Radeon Vega Mobile Gfx  , GPU: NVIDIA GeForce GTX 1050
LogInit: Compiled (64-bit): Nov 30 2021 07:12:08
LogInit: Compiled with Visual C++: 19.24.28315.00
LogInit: Build Configuration: Development
LogInit: Branch Name: ++UE4+Release-4.27
LogInit: Command Line: 
LogInit: Base Directory: D:/Epic Games/UE_4.27/Engine/Binaries/Win64/
LogInit: Allocator: TBB
LogInit: Installed Engine Build: 1
LogDevObjectVersion: Number of dev versions registered: 29
LogDevObjectVersion:   Dev-Blueprints (B0D832E4-1F89-4F0D-ACCF-7EB736FD4AA2): 10
LogDevObjectVersion:   Dev-Build (E1C64328-A22C-4D53-A36C-8E866417BD8C): 0
LogDevObjectVersion:   Dev-Core (375EC13C-06E4-48FB-B500-84F0262A717E): 4
LogDevObjectVersion:   Dev-Editor (E4B068ED-F494-42E9-A231-DA0B2E46BB41): 40
LogDevObjectVersion:   Dev-Framework (CFFC743F-43B0-4480-9391-14DF171D2073): 37
LogDevObjectVersion:   Dev-Mobile (B02B49B5-BB20-44E9-A304-32B752E40360): 3
LogDevObjectVersion:   Dev-Networking (A4E4105C-59A1-49B5-A7C5-40C4547EDFEE): 0
LogDevObjectVersion:   Dev-Online (39C831C9-5AE6-47DC-9A44-9C173E1C8E7C): 0
LogDevObjectVersion:   Dev-Physics (78F01B33-EBEA-4F98-B9B4-84EACCB95AA2): 14
LogDevObjectVersion:   Dev-Platform (6631380F-2D4D-43E0-8009-CF276956A95A): 0
LogDevObjectVersion:   Dev-Rendering (12F88B9F-8875-4AFC-A67C-D90C383ABD29): 45
LogDevObjectVersion:   Dev-Sequencer (7B5AE74C-D270-4C10-A958-57980B212A5A): 13
LogDevObjectVersion:   Dev-VR (D7296918-1DD6-4BDD-9DE2-64A83CC13884): 3
LogDevObjectVersion:   Dev-LoadTimes (C2A15278-BFE7-4AFE-6C17-90FF531DF755): 1
LogDevObjectVersion:   Private-Geometry (6EACA3D4-40EC-4CC1-B786-8BED09428FC5): 3
LogDevObjectVersion:   Dev-AnimPhys (29E575DD-E0A3-4627-9D10-D276232CDCEA): 17
LogDevObjectVersion:   Dev-Anim (AF43A65D-7FD3-4947-9873-3E8ED9C1BB05): 15
LogDevObjectVersion:   Dev-ReflectionCapture (6B266CEC-1EC7-4B8F-A30B-E4D90942FC07): 1
LogDevObjectVersion:   Dev-Automation (0DF73D61-A23F-47EA-B727-89E90C41499A): 1
LogDevObjectVersion:   FortniteMain (601D1886-AC64-4F84-AA16-D3DE0DEAC7D6): 47
LogDevObjectVersion:   FortniteRelease (E7086368-6B23-4C58-8439-1B7016265E91): 1
LogDevObjectVersion:   Dev-Enterprise (9DFFBCD6-494F-0158-E221-12823C92A888): 10
LogDevObjectVersion:   Dev-Niagara (F2AED0AC-9AFE-416F-8664-AA7FFA26D6FC): 1
LogDevObjectVersion:   Dev-Destruction (174F1F0B-B4C6-45A5-B13F-2EE8D0FB917D): 10
LogDevObjectVersion:   Dev-Physics-Ext (35F94A83-E258-406C-A318-09F59610247C): 41
LogDevObjectVersion:   Dev-PhysicsMaterial-Chaos (B68FC16E-8B1B-42E2-B453-215C058844FE): 1
LogDevObjectVersion:   Dev-CineCamera (B2E18506-4273-CFC2-A54E-F4BB758BBA07): 1
LogDevObjectVersion:   Dev-VirtualProduction (64F58936-FD1B-42BA-BA96-7289D5D0FA4E): 1
LogDevObjectVersion:   Dev-MediaFramework (6F0ED827-A609-4895-9C91-998D90180EA4): 2
LogInit: Presizing for max 25165824 objects, including 0 objects not considered by GC, pre-allocating 0 bytes for permanent pool.
LogConfig: Applying CVar settings from Section [/Script/Engine.StreamingSettings] File [D:/Unreal Projects/UnrealEngine/UE4AustinOzanFPS/Saved/Config/Windows/Engine.ini]
LogConfig: Setting CVar [[s.MinBulkDataSizeForAsyncLoading:131072]]
LogConfig: Setting CVar [[s.AsyncLoadingThreadEnabled:0]]
LogConfig: Setting CVar [[s.EventDrivenLoaderEnabled:1]]
LogConfig: Setting CVar [[s.WarnIfTimeLimitExceeded:0]]
LogConfig: Setting CVar [[s.TimeLimitExceededMultiplier:1.5]]
LogConfig: Setting CVar [[s.TimeLimitExceededMinTime:0.005]]
LogConfig: Setting CVar [[s.UseBackgroundLevelStreaming:1]]
LogConfig: Setting CVar [[s.PriorityAsyncLoadingExtraTime:15.0]]
LogConfig: Setting CVar [[s.LevelStreamingActorsUpdateTimeLimit:5.0]]
LogConfig: Setting CVar [[s.PriorityLevelStreamingActorsUpdateExtraTime:5.0]]
LogConfig: Setting CVar [[s.LevelStreamingComponentsRegistrationGranularity:10]]
LogConfig: Setting CVar [[s.UnregisterComponentsTimeLimit:1.0]]
LogConfig: Setting CVar [[s.LevelStreamingComponentsUnregistrationGranularity:5]]
LogConfig: Setting CVar [[s.FlushStreamingOnExit:1]]
LogInit: Object subsystem initialized
LogConfig: Setting CVar [[con.DebugEarlyDefault:1]]
LogConfig: Setting CVar [[r.setres:1280x720]]
[2023.10.25-00.53.14:365][  0]LogConfig: Setting CVar [[r.VSync:0]]
[2023.10.25-00.53.14:365][  0]LogConfig: Setting CVar [[r.RHICmdBypass:0]]
[2023.10.25-00.53.14:365][  0]LogConfig: Applying CVar settings from Section [/Script/Engine.RendererSettings] File [D:/Unreal Projects/UnrealEngine/UE4AustinOzanFPS/Saved/Config/Windows/Engine.ini]
[2023.10.25-00.53.14:365][  0]LogConfig: Setting CVar [[r.GPUCrashDebugging:0]]
[2023.10.25-00.53.14:365][  0]LogConfig: Applying CVar settings from Section [/Script/Engine.RendererOverrideSettings] File [D:/Unreal Projects/UnrealEngine/UE4AustinOzanFPS/Saved/Config/Windows/Engine.ini]
[2023.10.25-00.53.14:365][  0]LogConfig: Applying CVar settings from Section [/Script/Engine.StreamingSettings] File [D:/Unreal Projects/UnrealEngine/UE4AustinOzanFPS/Saved/Config/Windows/Engine.ini]
[2023.10.25-00.53.14:365][  0]LogConfig: Setting CVar [[s.MinBulkDataSizeForAsyncLoading:131072]]
[2023.10.25-00.53.14:365][  0]LogConfig: Setting CVar [[s.AsyncLoadingThreadEnabled:0]]
[2023.10.25-00.53.14:365][  0]LogConfig: Setting CVar [[s.EventDrivenLoaderEnabled:1]]
[2023.10.25-00.53.14:366][  0]LogConfig: Setting CVar [[s.WarnIfTimeLimitExceeded:0]]
[2023.10.25-00.53.14:366][  0]LogConfig: Setting CVar [[s.TimeLimitExceededMultiplier:1.5]]
[2023.10.25-00.53.14:366][  0]LogConfig: Setting CVar [[s.TimeLimitExceededMinTime:0.005]]
[2023.10.25-00.53.14:366][  0]LogConfig: Setting CVar [[s.UseBackgroundLevelStreaming:1]]
[2023.10.25-00.53.14:366][  0]LogConfig: Setting CVar [[s.PriorityAsyncLoadingExtraTime:15.0]]
[2023.10.25-00.53.14:366][  0]LogConfig: Setting CVar [[s.LevelStreamingActorsUpdateTimeLimit:5.0]]
[2023.10.25-00.53.14:366][  0]LogConfig: Setting CVar [[s.PriorityLevelStreamingActorsUpdateExtraTime:5.0]]
[2023.10.25-00.53.14:366][  0]LogConfig: Setting CVar [[s.LevelStreamingComponentsRegistrationGranularity:10]]
[2023.10.25-00.53.14:366][  0]LogConfig: Setting CVar [[s.UnregisterComponentsTimeLimit:1.0]]
[2023.10.25-00.53.14:366][  0]LogConfig: Setting CVar [[s.LevelStreamingComponentsUnregistrationGranularity:5]]
[2023.10.25-00.53.14:366][  0]LogConfig: Setting CVar [[s.FlushStreamingOnExit:1]]
[2023.10.25-00.53.14:366][  0]LogConfig: Applying CVar settings from Section [/Script/Engine.GarbageCollectionSettings] File [D:/Unreal Projects/UnrealEngine/UE4AustinOzanFPS/Saved/Config/Windows/Engine.ini]
[2023.10.25-00.53.14:366][  0]LogConfig: Setting CVar [[gc.MaxObjectsNotConsideredByGC:1]]
[2023.10.25-00.53.14:366][  0]LogConfig: Setting CVar [[gc.SizeOfPermanentObjectPool:0]]
[2023.10.25-00.53.14:366][  0]LogConfig: Setting CVar [[gc.FlushStreamingOnGC:0]]
[2023.10.25-00.53.14:366][  0]LogConfig: Setting CVar [[gc.NumRetriesBeforeForcingGC:10]]
[2023.10.25-00.53.14:366][  0]LogConfig: Setting CVar [[gc.AllowParallelGC:1]]
[2023.10.25-00.53.14:366][  0]LogConfig: Setting CVar [[gc.TimeBetweenPurgingPendingKillObjects:61.1]]
[2023.10.25-00.53.14:366][  0]LogConfig: Setting CVar [[gc.MaxObjectsInEditor:25165824]]
[2023.10.25-00.53.14:366][  0]LogConfig: Setting CVar [[gc.IncrementalBeginDestroyEnabled:1]]
[2023.10.25-00.53.14:366][  0]LogConfig: Setting CVar [[gc.CreateGCClusters:1]]
[2023.10.25-00.53.14:366][  0]LogConfig: Setting CVar [[gc.MinGCClusterSize:5]]
[2023.10.25-00.53.14:366][  0]LogConfig: Setting CVar [[gc.ActorClusteringEnabled:0]]
[2023.10.25-00.53.14:366][  0]LogConfig: Setting CVar [[gc.BlueprintClusteringEnabled:0]]
[2023.10.25-00.53.14:366][  0]LogConfig: Setting CVar [[gc.UseDisregardForGCOnDedicatedServers:0]]
[2023.10.25-00.53.14:366][  0]LogConfig: Setting CVar [[gc.MultithreadedDestructionEnabled:1]]
[2023.10.25-00.53.14:366][  0]LogConfig: Applying CVar settings from Section [/Script/Engine.NetworkSettings] File [D:/Unreal Projects/UnrealEngine/UE4AustinOzanFPS/Saved/Config/Windows/Engine.ini]
[2023.10.25-00.53.14:366][  0]LogConfig: Applying CVar settings from Section [/Script/UnrealEd.CookerSettings] File [D:/Unreal Projects/UnrealEngine/UE4AustinOzanFPS/Saved/Config/Windows/Engine.ini]
[2023.10.25-00.53.14:378][  0]LogConfig: Applying CVar settings from Section [ViewDistanceQuality@3] File [D:/Unreal Projects/UnrealEngine/UE4AustinOzanFPS/Saved/Config/Windows/Scalability.ini]
[2023.10.25-00.53.14:378][  0]LogConfig: Setting CVar [[r.SkeletalMeshLODBias:0]]
[2023.10.25-00.53.14:378][  0]LogConfig: Setting CVar [[r.ViewDistanceScale:1.0]]
[2023.10.25-00.53.14:378][  0]LogConfig: Applying CVar settings from Section [AntiAliasingQuality@3] File [D:/Unreal Projects/UnrealEngine/UE4AustinOzanFPS/Saved/Config/Windows/Scalability.ini]
[2023.10.25-00.53.14:378][  0]LogConfig: Setting CVar [[r.PostProcessAAQuality:4]]
[2023.10.25-00.53.14:378][  0]LogConfig: Applying CVar settings from Section [ShadowQuality@3] File [D:/Unreal Projects/UnrealEngine/UE4AustinOzanFPS/Saved/Config/Windows/Scalability.ini]
[2023.10.25-00.53.14:378][  0]LogConfig: Setting CVar [[r.LightFunctionQuality:1]]
[2023.10.25-00.53.14:378][  0]LogConfig: Setting CVar [[r.ShadowQuality:5]]
[2023.10.25-00.53.14:378][  0]LogConfig: Setting CVar [[r.Shadow.CSM.MaxCascades:10]]
[2023.10.25-00.53.14:379][  0]LogConfig: Setting CVar [[r.Shadow.MaxResolution:2048]]
[2023.10.25-00.53.14:379][  0]LogConfig: Setting CVar [[r.Shadow.MaxCSMResolution:2048]]
[2023.10.25-00.53.14:379][  0]LogConfig: Setting CVar [[r.Shadow.RadiusThreshold:0.01]]
[2023.10.25-00.53.14:379][  0]LogConfig: Setting CVar [[r.Shadow.DistanceScale:1.0]]
[2023.10.25-00.53.14:379][  0]LogConfig: Setting CVar [[r.Shadow.CSM.TransitionScale:1.0]]
[2023.10.25-00.53.14:379][  0]LogConfig: Setting CVar [[r.Shadow.PreShadowResolutionFactor:1.0]]
[2023.10.25-00.53.14:379][  0]LogConfig: Setting CVar [[r.DistanceFieldShadowing:1]]
[2023.10.25-00.53.14:379][  0]LogConfig: Setting CVar [[r.DistanceFieldAO:1]]
[2023.10.25-00.53.14:379][  0]LogConfig: Setting CVar [[r.AOQuality:2]]
[2023.10.25-00.53.14:379][  0]LogConfig: Setting CVar [[r.VolumetricFog:1]]
[2023.10.25-00.53.14:379][  0]LogConfig: Setting CVar [[r.VolumetricFog.GridPixelSize:8]]
[2023.10.25-00.53.14:379][  0]LogConfig: Setting CVar [[r.VolumetricFog.GridSizeZ:128]]
[2023.10.25-00.53.14:379][  0]LogConfig: Setting CVar [[r.VolumetricFog.HistoryMissSupersampleCount:4]]
[2023.10.25-00.53.14:379][  0]LogConfig: Setting CVar [[r.LightMaxDrawDistanceScale:1]]
[2023.10.25-00.53.14:379][  0]LogConfig: Setting CVar [[r.CapsuleShadows:1]]
[2023.10.25-00.53.14:379][  0]LogConfig: Applying CVar settings from Section [PostProcessQuality@3] File [D:/Unreal Projects/UnrealEngine/UE4AustinOzanFPS/Saved/Config/Windows/Scalability.ini]
[2023.10.25-00.53.14:379][  0]LogConfig: Setting CVar [[r.MotionBlurQuality:4]]
[2023.10.25-00.53.14:379][  0]LogConfig: Setting CVar [[r.AmbientOcclusionMipLevelFactor:0.4]]
[2023.10.25-00.53.14:379][  0]LogConfig: Setting CVar [[r.AmbientOcclusionMaxQuality:100]]
[2023.10.25-00.53.14:379][  0]LogConfig: Setting CVar [[r.AmbientOcclusionLevels:-1]]
[2023.10.25-00.53.14:379][  0]LogConfig: Setting CVar [[r.AmbientOcclusionRadiusScale:1.0]]
[2023.10.25-00.53.14:379][  0]LogConfig: Setting CVar [[r.DepthOfFieldQuality:2]]
[2023.10.25-00.53.14:379][  0]LogConfig: Setting CVar [[r.RenderTargetPoolMin:400]]
[2023.10.25-00.53.14:379][  0]LogConfig: Setting CVar [[r.LensFlareQuality:2]]
[2023.10.25-00.53.14:379][  0]LogConfig: Setting CVar [[r.SceneColorFringeQuality:1]]
[2023.10.25-00.53.14:379][  0]LogConfig: Setting CVar [[r.EyeAdaptationQuality:2]]
[2023.10.25-00.53.14:379][  0]LogConfig: Setting CVar [[r.BloomQuality:5]]
[2023.10.25-00.53.14:379][  0]LogConfig: Setting CVar [[r.FastBlurThreshold:100]]
[2023.10.25-00.53.14:379][  0]LogConfig: Setting CVar [[r.Upscale.Quality:3]]
[2023.10.25-00.53.14:379][  0]LogConfig: Setting CVar [[r.Tonemapper.GrainQuantization:1]]
[2023.10.25-00.53.14:379][  0]LogConfig: Setting CVar [[r.LightShaftQuality:1]]
[2023.10.25-00.53.14:379][  0]LogConfig: Setting CVar [[r.Filter.SizeScale:1]]
[2023.10.25-00.53.14:379][  0]LogConfig: Setting CVar [[r.Tonemapper.Quality:5]]
[2023.10.25-00.53.14:379][  0]LogConfig: Setting CVar [[r.DOF.Gather.AccumulatorQuality:1        ; higher gathering accumulator quality]]
[2023.10.25-00.53.14:379][  0]LogConfig: Setting CVar [[r.DOF.Gather.PostfilterMethod:1          ; Median3x3 postfilering method]]
[2023.10.25-00.53.14:379][  0]LogConfig: Setting CVar [[r.DOF.Gather.EnableBokehSettings:0       ; no bokeh simulation when gathering]]
[2023.10.25-00.53.14:379][  0]LogConfig: Setting CVar [[r.DOF.Gather.RingCount:4                 ; medium number of samples when gathering]]
[2023.10.25-00.53.14:379][  0]LogConfig: Setting CVar [[r.DOF.Scatter.ForegroundCompositing:1    ; additive foreground scattering]]
[2023.10.25-00.53.14:379][  0]LogConfig: Setting CVar [[r.DOF.Scatter.BackgroundCompositing:2    ; additive background scattering]]
[2023.10.25-00.53.14:379][  0]LogConfig: Setting CVar [[r.DOF.Scatter.EnableBokehSettings:1      ; bokeh simulation when scattering]]
[2023.10.25-00.53.14:379][  0]LogConfig: Setting CVar [[r.DOF.Scatter.MaxSpriteRatio:0.1         ; only a maximum of 10% of scattered bokeh]]
[2023.10.25-00.53.14:379][  0]LogConfig: Setting CVar [[r.DOF.Recombine.Quality:1                ; cheap slight out of focus]]
[2023.10.25-00.53.14:379][  0]LogConfig: Setting CVar [[r.DOF.Recombine.EnableBokehSettings:0    ; no bokeh simulation on slight out of focus]]
[2023.10.25-00.53.14:379][  0]LogConfig: Setting CVar [[r.DOF.TemporalAAQuality:1                ; more stable temporal accumulation]]
[2023.10.25-00.53.14:379][  0]LogConfig: Setting CVar [[r.DOF.Kernel.MaxForegroundRadius:0.025]]
[2023.10.25-00.53.14:379][  0]LogConfig: Setting CVar [[r.DOF.Kernel.MaxBackgroundRadius:0.025]]
[2023.10.25-00.53.14:379][  0]LogConfig: Applying CVar settings from Section [TextureQuality@3] File [D:/Unreal Projects/UnrealEngine/UE4AustinOzanFPS/Saved/Config/Windows/Scalability.ini]
[2023.10.25-00.53.14:379][  0]LogConfig: Setting CVar [[r.Streaming.MipBias:0]]
[2023.10.25-00.53.14:379][  0]LogConfig: Setting CVar [[r.Streaming.AmortizeCPUToGPUCopy:0]]
[2023.10.25-00.53.14:379][  0]LogConfig: Setting CVar [[r.Streaming.MaxNumTexturesToStreamPerFrame:0]]
[2023.10.25-00.53.14:379][  0]LogConfig: Setting CVar [[r.Streaming.Boost:1]]
[2023.10.25-00.53.14:379][  0]LogConfig: Setting CVar [[r.MaxAnisotropy:8]]
[2023.10.25-00.53.14:379][  0]LogConfig: Setting CVar [[r.VT.MaxAnisotropy:8]]
[2023.10.25-00.53.14:379][  0]LogConfig: Setting CVar [[r.Streaming.LimitPoolSizeToVRAM:0]]
[2023.10.25-00.53.14:379][  0]LogConfig: Setting CVar [[r.Streaming.PoolSize:1000]]
[2023.10.25-00.53.14:379][  0]LogConfig: Setting CVar [[r.Streaming.MaxEffectiveScreenSize:0]]
[2023.10.25-00.53.14:379][  0]LogConfig: Applying CVar settings from Section [EffectsQuality@3] File [D:/Unreal Projects/UnrealEngine/UE4AustinOzanFPS/Saved/Config/Windows/Scalability.ini]
[2023.10.25-00.53.14:379][  0]LogConfig: Setting CVar [[r.TranslucencyLightingVolumeDim:64]]
[2023.10.25-00.53.14:379][  0]LogConfig: Setting CVar [[r.RefractionQuality:2]]
[2023.10.25-00.53.14:379][  0]LogConfig: Setting CVar [[r.SSR.Quality:3]]
[2023.10.25-00.53.14:379][  0]LogConfig: Setting CVar [[r.SSR.HalfResSceneColor:0]]
[2023.10.25-00.53.14:379][  0]LogConfig: Setting CVar [[r.SceneColorFormat:4]]
[2023.10.25-00.53.14:379][  0]LogConfig: Setting CVar [[r.DetailMode:2]]
[2023.10.25-00.53.14:379][  0]LogConfig: Setting CVar [[r.TranslucencyVolumeBlur:1]]
[2023.10.25-00.53.14:379][  0]LogConfig: Setting CVar [[r.MaterialQualityLevel:1 ; High quality]]
[2023.10.25-00.53.14:379][  0]LogConfig: Setting CVar [[r.AnisotropicMaterials:1]]
[2023.10.25-00.53.14:379][  0]LogConfig: Setting CVar [[r.SSS.Scale:1]]
[2023.10.25-00.53.14:379][  0]LogConfig: Setting CVar [[r.SSS.SampleSet:2]]
[2023.10.25-00.53.14:379][  0]LogConfig: Setting CVar [[r.SSS.Quality:1]]
[2023.10.25-00.53.14:379][  0]LogConfig: Setting CVar [[r.SSS.HalfRes:0]]
[2023.10.25-00.53.14:379][  0]LogConfig: Setting CVar [[r.SSGI.Quality:3]]
[2023.10.25-00.53.14:379][  0]LogConfig: Setting CVar [[r.EmitterSpawnRateScale:1.0]]
[2023.10.25-00.53.14:379][  0]LogConfig: Setting CVar [[r.ParticleLightQuality:2]]
[2023.10.25-00.53.14:379][  0]LogConfig: Setting CVar [[r.SkyAtmosphere.AerialPerspectiveLUT.FastApplyOnOpaque:1 ; Always have FastSkyLUT 1 in this case to avoid wrong sky]]
[2023.10.25-00.53.14:379][  0]LogConfig: Setting CVar [[r.SkyAtmosphere.AerialPerspectiveLUT.SampleCountMaxPerSlice:4]]
[2023.10.25-00.53.14:379][  0]LogConfig: Setting CVar [[r.SkyAtmosphere.AerialPerspectiveLUT.DepthResolution:16.0]]
[2023.10.25-00.53.14:379][  0]LogConfig: Setting CVar [[r.SkyAtmosphere.FastSkyLUT:1]]
[2023.10.25-00.53.14:379][  0]LogConfig: Setting CVar [[r.SkyAtmosphere.FastSkyLUT.SampleCountMin:4.0]]
[2023.10.25-00.53.14:379][  0]LogConfig: Setting CVar [[r.SkyAtmosphere.FastSkyLUT.SampleCountMax:128.0]]
[2023.10.25-00.53.14:380][  0]LogConfig: Setting CVar [[r.SkyAtmosphere.SampleCountMin:4.0]]
[2023.10.25-00.53.14:380][  0]LogConfig: Setting CVar [[r.SkyAtmosphere.SampleCountMax:128.0]]
[2023.10.25-00.53.14:380][  0]LogConfig: Setting CVar [[r.SkyAtmosphere.TransmittanceLUT.UseSmallFormat:0]]
[2023.10.25-00.53.14:380][  0]LogConfig: Setting CVar [[r.SkyAtmosphere.TransmittanceLUT.SampleCount:10.0]]
[2023.10.25-00.53.14:380][  0]LogConfig: Setting CVar [[r.SkyAtmosphere.MultiScatteringLUT.SampleCount:15.0]]
[2023.10.25-00.53.14:380][  0]LogConfig: Setting CVar [[r.SkyLight.RealTimeReflectionCapture:1]]
[2023.10.25-00.53.14:380][  0]LogConfig: Applying CVar settings from Section [FoliageQuality@3] File [D:/Unreal Projects/UnrealEngine/UE4AustinOzanFPS/Saved/Config/Windows/Scalability.ini]
[2023.10.25-00.53.14:380][  0]LogConfig: Setting CVar [[foliage.DensityScale:1.0]]
[2023.10.25-00.53.14:380][  0]LogConfig: Setting CVar [[grass.DensityScale:1.0]]
[2023.10.25-00.53.14:380][  0]LogConfig: Applying CVar settings from Section [ShadingQuality@3] File [D:/Unreal Projects/UnrealEngine/UE4AustinOzanFPS/Saved/Config/Windows/Scalability.ini]
[2023.10.25-00.53.14:380][  0]LogConfig: Setting CVar [[r.HairStrands.SkyLighting.IntegrationType:2]]
[2023.10.25-00.53.14:380][  0]LogConfig: Setting CVar [[r.HairStrands.SkyAO.SampleCount:4]]
[2023.10.25-00.53.14:380][  0]LogConfig: Setting CVar [[r.HairStrands.Visibility.MSAA.SamplePerPixel:4]]
[2023.10.25-00.53.14:380][  0]LogInit: Selected Device Profile: [Windows]
[2023.10.25-00.53.14:380][  0]LogInit: Applying CVar settings loaded from the selected device profile: [Windows]
[2023.10.25-00.53.14:380][  0]LogHAL: Display: Platform has ~ 14 GB [14903590912 / 17179869184 / 14], which maps to Larger [LargestMinGB=32, LargerMinGB=12, DefaultMinGB=8, SmallerMinGB=6, SmallestMinGB=0)
[2023.10.25-00.53.14:380][  0]LogInit: Going up to parent DeviceProfile []
[2023.10.25-00.53.14:380][  0]LogConfig: Applying CVar settings from Section [ViewDistanceQuality@0] File [D:/Unreal Projects/UnrealEngine/UE4AustinOzanFPS/Saved/Config/Windows/Scalability.ini]
[2023.10.25-00.53.14:380][  0]LogConfig: Setting CVar [[r.SkeletalMeshLODBias:2]]
[2023.10.25-00.53.14:380][  0]LogConfig: Setting CVar [[r.ViewDistanceScale:0.4]]
[2023.10.25-00.53.14:380][  0]LogConfig: Applying CVar settings from Section [AntiAliasingQuality@0] File [D:/Unreal Projects/UnrealEngine/UE4AustinOzanFPS/Saved/Config/Windows/Scalability.ini]
[2023.10.25-00.53.14:380][  0]LogConfig: Setting CVar [[r.PostProcessAAQuality:0]]
[2023.10.25-00.53.14:380][  0]LogConfig: Applying CVar settings from Section [ShadowQuality@0] File [D:/Unreal Projects/UnrealEngine/UE4AustinOzanFPS/Saved/Config/Windows/Scalability.ini]
[2023.10.25-00.53.14:380][  0]LogConfig: Setting CVar [[r.LightFunctionQuality:0]]
[2023.10.25-00.53.14:380][  0]LogConfig: Setting CVar [[r.ShadowQuality:0]]
[2023.10.25-00.53.14:380][  0]LogConfig: Setting CVar [[r.Shadow.CSM.MaxCascades:1]]
[2023.10.25-00.53.14:380][  0]LogConfig: Setting CVar [[r.Shadow.MaxResolution:512]]
[2023.10.25-00.53.14:380][  0]LogConfig: Setting CVar [[r.Shadow.MaxCSMResolution:512]]
[2023.10.25-00.53.14:380][  0]LogConfig: Setting CVar [[r.Shadow.RadiusThreshold:0.06]]
[2023.10.25-00.53.14:380][  0]LogConfig: Setting CVar [[r.Shadow.DistanceScale:0.6]]
[2023.10.25-00.53.14:380][  0]LogConfig: Setting CVar [[r.Shadow.CSM.TransitionScale:0]]
[2023.10.25-00.53.14:380][  0]LogConfig: Setting CVar [[r.Shadow.PreShadowResolutionFactor:0.5]]
[2023.10.25-00.53.14:380][  0]LogConfig: Setting CVar [[r.DistanceFieldShadowing:0]]
[2023.10.25-00.53.14:380][  0]LogConfig: Setting CVar [[r.DistanceFieldAO:0]]
[2023.10.25-00.53.14:380][  0]LogConfig: Setting CVar [[r.VolumetricFog:0]]
[2023.10.25-00.53.14:380][  0]LogConfig: Setting CVar [[r.LightMaxDrawDistanceScale:0]]
[2023.10.25-00.53.14:380][  0]LogConfig: Setting CVar [[r.CapsuleShadows:0]]
[2023.10.25-00.53.14:380][  0]LogConfig: Applying CVar settings from Section [PostProcessQuality@0] File [D:/Unreal Projects/UnrealEngine/UE4AustinOzanFPS/Saved/Config/Windows/Scalability.ini]
[2023.10.25-00.53.14:380][  0]LogConfig: Setting CVar [[r.MotionBlurQuality:0]]
[2023.10.25-00.53.14:380][  0]LogConfig: Setting CVar [[r.AmbientOcclusionMipLevelFactor:1.0]]
[2023.10.25-00.53.14:380][  0]LogConfig: Setting CVar [[r.AmbientOcclusionMaxQuality:0]]
[2023.10.25-00.53.14:380][  0]LogConfig: Setting CVar [[r.AmbientOcclusionLevels:0]]
[2023.10.25-00.53.14:380][  0]LogConfig: Setting CVar [[r.AmbientOcclusionRadiusScale:1.2]]
[2023.10.25-00.53.14:380][  0]LogConfig: Setting CVar [[r.DepthOfFieldQuality:0]]
[2023.10.25-00.53.14:380][  0]LogConfig: Setting CVar [[r.RenderTargetPoolMin:300]]
[2023.10.25-00.53.14:380][  0]LogConfig: Setting CVar [[r.LensFlareQuality:0]]
[2023.10.25-00.53.14:380][  0]LogConfig: Setting CVar [[r.SceneColorFringeQuality:0]]
[2023.10.25-00.53.14:380][  0]LogConfig: Setting CVar [[r.EyeAdaptationQuality:2]]
[2023.10.25-00.53.14:380][  0]LogConfig: Setting CVar [[r.BloomQuality:4]]
[2023.10.25-00.53.14:380][  0]LogConfig: Setting CVar [[r.FastBlurThreshold:0]]
[2023.10.25-00.53.14:380][  0]LogConfig: Setting CVar [[r.Upscale.Quality:1]]
[2023.10.25-00.53.14:380][  0]LogConfig: Setting CVar [[r.Tonemapper.GrainQuantization:0]]
[2023.10.25-00.53.14:380][  0]LogConfig: Setting CVar [[r.LightShaftQuality:0]]
[2023.10.25-00.53.14:380][  0]LogConfig: Setting CVar [[r.Filter.SizeScale:0.6]]
[2023.10.25-00.53.14:380][  0]LogConfig: Setting CVar [[r.Tonemapper.Quality:0]]
[2023.10.25-00.53.14:380][  0]LogConfig: Applying CVar settings from Section [TextureQuality@0] File [D:/Unreal Projects/UnrealEngine/UE4AustinOzanFPS/Saved/Config/Windows/Scalability.ini]
[2023.10.25-00.53.14:380][  0]LogConfig: Setting CVar [[r.Streaming.MipBias:16]]
[2023.10.25-00.53.14:380][  0]LogConfig: Setting CVar [[r.Streaming.AmortizeCPUToGPUCopy:1]]
[2023.10.25-00.53.14:380][  0]LogConfig: Setting CVar [[r.Streaming.MaxNumTexturesToStreamPerFrame:1]]
[2023.10.25-00.53.14:380][  0]LogConfig: Setting CVar [[r.Streaming.Boost:0.3]]
[2023.10.25-00.53.14:380][  0]LogConfig: Setting CVar [[r.MaxAnisotropy:0]]
[2023.10.25-00.53.14:380][  0]LogConfig: Setting CVar [[r.VT.MaxAnisotropy:4]]
[2023.10.25-00.53.14:380][  0]LogConfig: Setting CVar [[r.Streaming.LimitPoolSizeToVRAM:1]]
[2023.10.25-00.53.14:380][  0]LogConfig: Setting CVar [[r.Streaming.PoolSize:400]]
[2023.10.25-00.53.14:380][  0]LogConfig: Setting CVar [[r.Streaming.MaxEffectiveScreenSize:0]]
[2023.10.25-00.53.14:380][  0]LogConfig: Applying CVar settings from Section [EffectsQuality@0] File [D:/Unreal Projects/UnrealEngine/UE4AustinOzanFPS/Saved/Config/Windows/Scalability.ini]
[2023.10.25-00.53.14:380][  0]LogConfig: Setting CVar [[r.TranslucencyLightingVolumeDim:24]]
[2023.10.25-00.53.14:380][  0]LogConfig: Setting CVar [[r.RefractionQuality:0]]
[2023.10.25-00.53.14:380][  0]LogConfig: Setting CVar [[r.SSR.Quality:0]]
[2023.10.25-00.53.14:380][  0]LogConfig: Setting CVar [[r.SSR.HalfResSceneColor:1]]
[2023.10.25-00.53.14:380][  0]LogConfig: Setting CVar [[r.SceneColorFormat:3]]
[2023.10.25-00.53.14:380][  0]LogConfig: Setting CVar [[r.DetailMode:0]]
[2023.10.25-00.53.14:381][  0]LogConfig: Setting CVar [[r.TranslucencyVolumeBlur:0]]
[2023.10.25-00.53.14:381][  0]LogConfig: Setting CVar [[r.MaterialQualityLevel:0 ; Low quality]]
[2023.10.25-00.53.14:381][  0]LogConfig: Setting CVar [[r.AnisotropicMaterials:0]]
[2023.10.25-00.53.14:381][  0]LogConfig: Setting CVar [[r.SSS.Scale:0]]
[2023.10.25-00.53.14:381][  0]LogConfig: Setting CVar [[r.SSS.SampleSet:0]]
[2023.10.25-00.53.14:381][  0]LogConfig: Setting CVar [[r.SSS.Quality:0]]
[2023.10.25-00.53.14:381][  0]LogConfig: Setting CVar [[r.SSS.HalfRes:1]]
[2023.10.25-00.53.14:381][  0]LogConfig: Setting CVar [[r.SSGI.Quality:0]]
[2023.10.25-00.53.14:381][  0]LogConfig: Setting CVar [[r.EmitterSpawnRateScale:0.125]]
[2023.10.25-00.53.14:381][  0]LogConfig: Setting CVar [[r.ParticleLightQuality:0]]
[2023.10.25-00.53.14:381][  0]LogConfig: Setting CVar [[r.SkyAtmosphere.AerialPerspectiveLUT.FastApplyOnOpaque:1 ; Always have FastSkyLUT 1 in this case to avoid wrong sky]]
[2023.10.25-00.53.14:381][  0]LogConfig: Setting CVar [[r.SkyAtmosphere.AerialPerspectiveLUT.SampleCountMaxPerSlice:1]]
[2023.10.25-00.53.14:381][  0]LogConfig: Setting CVar [[r.SkyAtmosphere.AerialPerspectiveLUT.DepthResolution:8.0]]
[2023.10.25-00.53.14:381][  0]LogConfig: Setting CVar [[r.SkyAtmosphere.FastSkyLUT:1]]
[2023.10.25-00.53.14:381][  0]LogConfig: Setting CVar [[r.SkyAtmosphere.FastSkyLUT.SampleCountMin:2.0]]
[2023.10.25-00.53.14:381][  0]LogConfig: Setting CVar [[r.SkyAtmosphere.FastSkyLUT.SampleCountMax:16.0]]
[2023.10.25-00.53.14:381][  0]LogConfig: Setting CVar [[r.SkyAtmosphere.SampleCountMin:2.0]]
[2023.10.25-00.53.14:381][  0]LogConfig: Setting CVar [[r.SkyAtmosphere.SampleCountMax:16.0]]
[2023.10.25-00.53.14:381][  0]LogConfig: Setting CVar [[r.SkyAtmosphere.TransmittanceLUT.UseSmallFormat:1]]
[2023.10.25-00.53.14:381][  0]LogConfig: Setting CVar [[r.SkyAtmosphere.TransmittanceLUT.SampleCount:10.0]]
[2023.10.25-00.53.14:381][  0]LogConfig: Setting CVar [[r.SkyAtmosphere.MultiScatteringLUT.SampleCount:15.0]]
[2023.10.25-00.53.14:381][  0]LogConfig: Setting CVar [[r.SkyLight.RealTimeReflectionCapture:0]]
[2023.10.25-00.53.14:381][  0]LogConfig: Applying CVar settings from Section [FoliageQuality@0] File [D:/Unreal Projects/UnrealEngine/UE4AustinOzanFPS/Saved/Config/Windows/Scalability.ini]
[2023.10.25-00.53.14:381][  0]LogConfig: Setting CVar [[foliage.DensityScale:0]]
[2023.10.25-00.53.14:381][  0]LogConfig: Setting CVar [[grass.DensityScale:0]]
[2023.10.25-00.53.14:381][  0]LogConfig: Applying CVar settings from Section [ShadingQuality@0] File [D:/Unreal Projects/UnrealEngine/UE4AustinOzanFPS/Saved/Config/Windows/Scalability.ini]
[2023.10.25-00.53.14:381][  0]LogConfig: Setting CVar [[r.HairStrands.SkyLighting.IntegrationType:2]]
[2023.10.25-00.53.14:381][  0]LogConfig: Setting CVar [[r.HairStrands.SkyAO.SampleCount:4]]
[2023.10.25-00.53.14:381][  0]LogConfig: Setting CVar [[r.HairStrands.Visibility.MSAA.SamplePerPixel:1]]
[2023.10.25-00.53.14:381][  0]LogConfig: Applying CVar settings from Section [Startup] File [../../../Engine/Config/ConsoleVariables.ini]
[2023.10.25-00.53.14:381][  0]LogConfig: Setting CVar [[net.UseAdaptiveNetUpdateFrequency:0]]
[2023.10.25-00.53.14:381][  0]LogConfig: Setting CVar [[p.chaos.AllowCreatePhysxBodies:1]]
[2023.10.25-00.53.14:381][  0]LogConfig: Setting CVar [[fx.SkipVectorVMBackendOptimizations:1]]
[2023.10.25-00.53.14:381][  0]LogConfig: Applying CVar settings from Section [ConsoleVariables] File [D:/Unreal Projects/UnrealEngine/UE4AustinOzanFPS/Saved/Config/Windows/Engine.ini]
[2023.10.25-00.53.14:381][  0]LogConfig: Applying CVar settings from Section [ConsoleVariables] File [D:/Unreal Projects/UnrealEngine/UE4AustinOzanFPS/Saved/Config/Windows/Editor.ini]
[2023.10.25-00.53.14:382][  0]LogInit: Computer: LAPTOP-FTPKFAPU
[2023.10.25-00.53.14:382][  0]LogInit: User: austi
[2023.10.25-00.53.14:382][  0]LogInit: CPU Page size=4096, Cores=4
[2023.10.25-00.53.14:382][  0]LogInit: High frequency timer resolution =10.000000 MHz
[2023.10.25-00.53.14:382][  0]LogMemory: Memory total: Physical=13.9GB (14GB approx)
[2023.10.25-00.53.14:382][  0]LogMemory: Platform Memory Stats for Windows
[2023.10.25-00.53.14:382][  0]LogMemory: Process Physical Memory: 140.41 MB used, 140.41 MB peak
[2023.10.25-00.53.14:382][  0]LogMemory: Process Virtual Memory: 110.47 MB used, 110.47 MB peak
[2023.10.25-00.53.14:382][  0]LogMemory: Physical Memory: 10417.51 MB used,  3795.66 MB free, 14213.17 MB total
[2023.10.25-00.53.14:382][  0]LogMemory: Virtual Memory: 134212416.00 MB used,  5314.64 MB free, 134217728.00 MB total
[2023.10.25-00.53.14:389][  0]LogWindows: WindowsPlatformFeatures enabled
[2023.10.25-00.53.14:459][  0]LogInit: Physics initialised using underlying interface: PhysX
[2023.10.25-00.53.14:460][  0]LogInit: Using OS detected language (en-US).
[2023.10.25-00.53.14:460][  0]LogInit: Using OS detected locale (en-US).
[2023.10.25-00.53.14:463][  0]LogTextLocalizationManager: No specific localization for 'en-US' exists, so the 'en' localization will be used.
[2023.10.25-00.53.14:734][  0]LogInit: Setting process to per monitor DPI aware
[2023.10.25-00.53.14:747][  0]LogWindowsTextInputMethodSystem: Display: IME system deactivated.
[2023.10.25-00.53.14:777][  0]LogSlate: New Slate User Created.  User Index 0, Is Virtual User: 0
[2023.10.25-00.53.14:777][  0]LogSlate: Slate User Registered.  User Index 0, Is Virtual User: 0
[2023.10.25-00.53.15:073][  0]LogD3D11RHI: Loaded GFSDK_Aftermath_Lib.x64.dll
[2023.10.25-00.53.15:079][  0]LogHMD: Failed to initialize OpenVR with code 110
[2023.10.25-00.53.15:079][  0]LogD3D11RHI: D3D11 min allowed feature level: 11_0
[2023.10.25-00.53.15:079][  0]LogD3D11RHI: D3D11 max allowed feature level: 11_0
[2023.10.25-00.53.15:079][  0]LogD3D11RHI: D3D11 adapters:
[2023.10.25-00.53.15:242][  0]LogD3D11RHI:    0. 'NVIDIA GeForce GTX 1050' (Feature Level 11_0)
[2023.10.25-00.53.15:242][  0]LogD3D11RHI:       2995/0/7106 MB DedicatedVideo/DedicatedSystem/SharedSystem, Outputs:1, VendorId:0x10de
[2023.10.25-00.53.15:276][  0]LogD3D11RHI:    1. 'AMD Radeon(TM) Vega 8 Graphics' (Feature Level 11_0)
[2023.10.25-00.53.15:276][  0]LogD3D11RHI:       2033/0/7106 MB DedicatedVideo/DedicatedSystem/SharedSystem, Outputs:0, VendorId:0x1002
[2023.10.25-00.53.15:279][  0]LogD3D11RHI:    2. 'Microsoft Basic Render Driver' (Feature Level 11_0)
[2023.10.25-00.53.15:280][  0]LogD3D11RHI:       0/0/7106 MB DedicatedVideo/DedicatedSystem/SharedSystem, Outputs:0, VendorId:0x1414
[2023.10.25-00.53.15:280][  0]LogD3D11RHI: Chosen D3D11 Adapter:
[2023.10.25-00.53.15:280][  0]LogD3D11RHI:     Description : NVIDIA GeForce GTX 1050
[2023.10.25-00.53.15:280][  0]LogD3D11RHI:     VendorId    : 10de
[2023.10.25-00.53.15:280][  0]LogD3D11RHI:     DeviceId    : 1c91
[2023.10.25-00.53.15:280][  0]LogD3D11RHI:     SubSysId    : 86d4103c
[2023.10.25-00.53.15:280][  0]LogD3D11RHI:     Revision    : 00a1
[2023.10.25-00.53.15:280][  0]LogD3D11RHI:     DedicatedVideoMemory : 3140485120 bytes
[2023.10.25-00.53.15:280][  0]LogD3D11RHI:     DedicatedSystemMemory : 0 bytes
[2023.10.25-00.53.15:280][  0]LogD3D11RHI:     SharedSystemMemory : 7451795456 bytes
[2023.10.25-00.53.15:280][  0]LogD3D11RHI:     AdapterLuid : 0 68486
[2023.10.25-00.53.15:292][  0]LogD3D11RHI: Creating new Direct3DDevice
[2023.10.25-00.53.15:292][  0]LogD3D11RHI:     GPU DeviceId: 0x1c91 (for the marketing name, search the web for "GPU Device Id")
[2023.10.25-00.53.15:292][  0]LogWindows: EnumDisplayDevices:
[2023.10.25-00.53.15:292][  0]LogWindows:    0. 'AMD Radeon(TM) Vega 8 Graphics' (P:0 D:0)
[2023.10.25-00.53.15:293][  0]LogWindows:    1. 'AMD Radeon(TM) Vega 8 Graphics' (P:0 D:0)
[2023.10.25-00.53.15:293][  0]LogWindows:    2. 'AMD Radeon(TM) Vega 8 Graphics' (P:0 D:0)
[2023.10.25-00.53.15:293][  0]LogWindows:    3. 'AMD Radeon(TM) Vega 8 Graphics' (P:0 D:0)
[2023.10.25-00.53.15:294][  0]LogWindows:    4. 'NVIDIA GeForce GTX 1050' (P:1 D:1)
[2023.10.25-00.53.15:294][  0]LogWindows: DebugString: PrimaryIsNotTheChoosenAdapter PrimaryIsNotTheChoosenAdapter PrimaryIsNotTheChoosenAdapter PrimaryIsNotTheChoosenAdapter 
[2023.10.25-00.53.15:294][  0]LogD3D11RHI:     Adapter Name: NVIDIA GeForce GTX 1050
[2023.10.25-00.53.15:294][  0]LogD3D11RHI:   Driver Version: 536.99 (internal:31.0.15.3699, unified:536.99)
[2023.10.25-00.53.15:294][  0]LogD3D11RHI:      Driver Date: 8-4-2023
[2023.10.25-00.53.15:294][  0]LogRHI: Texture pool is 2096 MB (70% of 2995 MB)
[2023.10.25-00.53.15:294][  0]LogD3D11RHI: Creating D3DDevice using adapter:
[2023.10.25-00.53.15:294][  0]LogD3D11RHI:     Description : NVIDIA GeForce GTX 1050
[2023.10.25-00.53.15:294][  0]LogD3D11RHI:     VendorId    : 10de
[2023.10.25-00.53.15:294][  0]LogD3D11RHI:     DeviceId    : 1c91
[2023.10.25-00.53.15:294][  0]LogD3D11RHI:     SubSysId    : 86d4103c
[2023.10.25-00.53.15:294][  0]LogD3D11RHI:     Revision    : 00a1
[2023.10.25-00.53.15:294][  0]LogD3D11RHI:     DedicatedVideoMemory : 3140485120 bytes
[2023.10.25-00.53.15:294][  0]LogD3D11RHI:     DedicatedSystemMemory : 0 bytes
[2023.10.25-00.53.15:294][  0]LogD3D11RHI:     SharedSystemMemory : 7451795456 bytes
[2023.10.25-00.53.15:294][  0]LogD3D11RHI:     AdapterLuid : 0 68486
[2023.10.25-00.53.15:394][  0]LogD3D11RHI: RHI has support for 64 bit atomics
[2023.10.25-00.53.15:395][  0]LogD3D11RHI: Async texture creation enabled
[2023.10.25-00.53.15:395][  0]LogD3D11RHI: Array index from any shader is supported
[2023.10.25-00.53.15:397][  0]LogD3D11RHI: HDR output is supported on display 0 (NvId: 0x80061083).
[2023.10.25-00.53.15:420][  0]LogD3D11RHI: GPU Timing Frequency: 1000.000000 (Debug: 2 1)
[2023.10.25-00.53.15:453][  0]LogRHI: GeForceNow SDK initialized: 1
[2023.10.25-00.53.15:815][  0]LogTargetPlatformManager: Display: Loaded TargetPlatform 'AllDesktop'
[2023.10.25-00.53.15:842][  0]LogTargetPlatformManager: Display: Loaded TargetPlatform 'Android'
[2023.10.25-00.53.15:842][  0]LogTargetPlatformManager: Display: Loaded TargetPlatform 'Android_ASTC'
[2023.10.25-00.53.15:842][  0]LogTargetPlatformManager: Display: Loaded TargetPlatform 'Android_DXT'
[2023.10.25-00.53.15:842][  0]LogTargetPlatformManager: Display: Loaded TargetPlatform 'Android_ETC2'
[2023.10.25-00.53.15:842][  0]LogTargetPlatformManager: Display: Loaded TargetPlatform 'AndroidClient'
[2023.10.25-00.53.15:842][  0]LogTargetPlatformManager: Display: Loaded TargetPlatform 'Android_ASTCClient'
[2023.10.25-00.53.15:842][  0]LogTargetPlatformManager: Display: Loaded TargetPlatform 'Android_DXTClient'
[2023.10.25-00.53.15:842][  0]LogTargetPlatformManager: Display: Loaded TargetPlatform 'Android_ETC2Client'
[2023.10.25-00.53.15:842][  0]LogTargetPlatformManager: Display: Loaded TargetPlatform 'Android_Multi'
[2023.10.25-00.53.15:842][  0]LogTargetPlatformManager: Display: Loaded TargetPlatform 'Android_MultiClient'
[2023.10.25-00.53.15:867][  0]LogTargetPlatformManager: Display: Loaded TargetPlatform 'IOSClient'
[2023.10.25-00.53.15:867][  0]LogTargetPlatformManager: Display: Loaded TargetPlatform 'IOS'
[2023.10.25-00.53.15:880][  0]LogTargetPlatformManager: Display: Loaded TargetPlatform 'Linux'
[2023.10.25-00.53.15:887][  0]LogTargetPlatformManager: Display: Loaded TargetPlatform 'LinuxNoEditor'
[2023.10.25-00.53.15:893][  0]LogTargetPlatformManager: Display: Loaded TargetPlatform 'LinuxClient'
[2023.10.25-00.53.15:899][  0]LogTargetPlatformManager: Display: Loaded TargetPlatform 'LinuxServer'
[2023.10.25-00.53.15:909][  0]LogTargetPlatformManager: Display: Loaded TargetPlatform 'LinuxAArch64NoEditor'
[2023.10.25-00.53.15:915][  0]LogTargetPlatformManager: Display: Loaded TargetPlatform 'LinuxAArch64Client'
[2023.10.25-00.53.15:921][  0]LogTargetPlatformManager: Display: Loaded TargetPlatform 'LinuxAArch64Server'
[2023.10.25-00.53.15:949][  0]LogTargetPlatformManager: Display: Loaded TargetPlatform 'Lumin'
[2023.10.25-00.53.15:949][  0]LogTargetPlatformManager: Display: Loaded TargetPlatform 'LuminClient'
[2023.10.25-00.53.15:959][  0]LogTargetPlatformManager: Display: Loaded TargetPlatform 'MacNoEditor'
[2023.10.25-00.53.15:966][  0]LogTargetPlatformManager: Display: Loaded TargetPlatform 'Mac'
[2023.10.25-00.53.15:972][  0]LogTargetPlatformManager: Display: Loaded TargetPlatform 'MacClient'
[2023.10.25-00.53.15:978][  0]LogTargetPlatformManager: Display: Loaded TargetPlatform 'MacServer'
[2023.10.25-00.53.15:991][  0]LogTargetPlatformManager: Display: Loaded TargetPlatform 'TVOSClient'
[2023.10.25-00.53.15:991][  0]LogTargetPlatformManager: Display: Loaded TargetPlatform 'TVOS'
[2023.10.25-00.53.16:002][  0]LogTargetPlatformManager: Display: Loaded TargetPlatform 'WindowsNoEditor'
[2023.10.25-00.53.16:008][  0]LogTargetPlatformManager: Display: Loaded TargetPlatform 'Windows'
[2023.10.25-00.53.16:016][  0]LogTargetPlatformManager: Display: Loaded TargetPlatform 'WindowsClient'
[2023.10.25-00.53.16:022][  0]LogTargetPlatformManager: Display: Loaded TargetPlatform 'WindowsServer'
[2023.10.25-00.53.16:022][  0]LogTargetPlatformManager: Display: Building Assets For Windows
[2023.10.25-00.53.16:033][  0]LogAudioDebug: Display: Lib vorbis DLL was dynamically loaded.
[2023.10.25-00.53.16:075][  0]LogTextureFormatOodle: Display: Oodle Texture 2.9.0 init RDO Off
[2023.10.25-00.53.16:122][  0]LogRendererCore: Ray tracing is disabled. Reason: r.RayTracing=0.
[2023.10.25-00.53.16:122][  0]LogShaderCompilers: Guid format shader working directory is -14 characters bigger than the processId version (../../../../../Unreal Projects/UnrealEngine/UE4AustinOzanFPS/Intermediate/Shaders/WorkingDirectory/8880/).
[2023.10.25-00.53.16:122][  0]LogShaderCompilers: Cleaned the shader compiler working directory 'C:/Users/austi/AppData/Local/Temp/UnrealShaderWorkingDir/00361B2E440900EB6454A19C529D96BC/'.
[2023.10.25-00.53.16:122][  0]LogXGEController: Cannot use XGE Controller as Incredibuild is not installed on this machine.
[2023.10.25-00.53.16:122][  0]LogShaderCompilers: Cannot use XGE Shader Compiler as Incredibuild is not installed on this machine.
[2023.10.25-00.53.16:122][  0]LogShaderCompilers: Display: Using Local Shader Compiler.
[2023.10.25-00.53.17:095][  0]LogDerivedDataCache: Display: Max Cache Size: 512 MB
[2023.10.25-00.53.17:157][  0]LogDerivedDataCache: Loaded boot cache 0.06s 94MB C:/Users/austi/AppData/Local/UnrealEngine/4.27/DerivedDataCache/Boot.ddc.
[2023.10.25-00.53.17:157][  0]LogDerivedDataCache: Display: Loaded Boot cache: C:/Users/austi/AppData/Local/UnrealEngine/4.27/DerivedDataCache/Boot.ddc
[2023.10.25-00.53.17:157][  0]LogDerivedDataCache: FDerivedDataBackendGraph:  Pak pak cache file ../../../../../Unreal Projects/UnrealEngine/UE4AustinOzanFPS/DerivedDataCache/DDC.ddp not found, will not use a pak cache.
[2023.10.25-00.53.17:157][  0]LogDerivedDataCache: Unable to find inner node Pak for hierarchical cache Hierarchy.
[2023.10.25-00.53.17:157][  0]LogDerivedDataCache: FDerivedDataBackendGraph:  CompressedPak pak cache file ../../../../../Unreal Projects/UnrealEngine/UE4AustinOzanFPS/DerivedDataCache/Compressed.ddp not found, will not use a pak cache.
[2023.10.25-00.53.17:157][  0]LogDerivedDataCache: Unable to find inner node CompressedPak for hierarchical cache Hierarchy.
[2023.10.25-00.53.17:178][  0]LogDerivedDataCache: Display: Pak cache opened for reading ../../../Engine/DerivedDataCache/Compressed.ddp.
[2023.10.25-00.53.17:178][  0]LogDerivedDataCache: FDerivedDataBackendGraph:  EnterprisePak pak cache file ../../../Enterprise/DerivedDataCache/Compressed.ddp not found, will not use a pak cache.
[2023.10.25-00.53.17:178][  0]LogDerivedDataCache: Unable to find inner node EnterprisePak for hierarchical cache Hierarchy.
[2023.10.25-00.53.17:191][  0]LogDerivedDataCache: Speed tests for C:/Users/austi/AppData/Local/UnrealEngine/Common/DerivedDataCache took 0.01 seconds
[2023.10.25-00.53.17:191][  0]LogDerivedDataCache: Display: Performance to C:/Users/austi/AppData/Local/UnrealEngine/Common/DerivedDataCache: Latency=0.04ms. RandomReadSpeed=909.85MBs, RandomWriteSpeed=84.12MBs. Assigned SpeedClass 'Local'
[2023.10.25-00.53.17:192][  0]LogDerivedDataCache: Using Local data cache path C:/Users/austi/AppData/Local/UnrealEngine/Common/DerivedDataCache: Writable
[2023.10.25-00.53.17:192][  0]LogDerivedDataCache: Shared data cache path not found in *engine.ini, will not use an Shared cache.
[2023.10.25-00.53.17:192][  0]LogDerivedDataCache: Unable to find inner node Shared for hierarchical cache Hierarchy.
[2023.10.25-00.53.17:254][  0]LogSlate: Using FreeType 2.10.0
[2023.10.25-00.53.17:255][  0]LogSlate: SlateFontServices - WITH_FREETYPE: 1, WITH_HARFBUZZ: 1
[2023.10.25-00.53.17:288][  0]LogAssetRegistry: FAssetRegistry took 0.0034 seconds to start up
[2023.10.25-00.53.17:593][  0]LogInit: Selected Device Profile: [Windows]
[2023.10.25-00.53.17:593][  0]LogInit: Active device profile: [00000157D6F2EF00][00000157C7A04B00 49] Windows
[2023.10.25-00.53.17:593][  0]LogInit: Profiles: [00000157D6F2EF00][00000157C7A04B00 49] Windows, [00000157D6EDD700][00000157CE2B0C80 49] WindowsNoEditor, [00000157D6F2CC00][00000157D4F7AE00 49] WindowsServer, [00000157D6EDF300][00000157D4F7EF80 49] WindowsClient, [00000157D6F2CF00][00000157D4F83100 49] IOS, [00000157D6EDDD00][00000157D4F87280 49] iPadAir, [00000157D6F2FD00][00000157D4F8B400 49] iPadAir2, [00000157D6E90C00][00000157D4F936C0 49] IPadPro, [00000157D6E90D00][00000157D4F8F700 49] iPadAir3, [00000157D6EDEF00][00000157D4F97880 49] iPadAir4, [00000157D6E93600][00000157D4F9BA00 49] iPadMini2, [00000157D6EDE200][00000157D7203B80 49] iPadMini3, [00000157D6E93800][00000157D7206180 49] iPadMini4, [00000157D6EDC500][00000157D720A300 49] iPadMini5, [00000157D6EBC400][00000157D72125C0 49] iPhone6, [00000157D6EBC500][00000157D720E600 49] iPodTouch6, [00000157D6F2C700][00000157D721A8C0 49] iPhone7, [00000157D6F2FA00][00000157D7216900 49] iPodTouch7, [00000157D6EBFC00][00000157CE2ACA40 49] iPhone5S, [00000157D6E90600][00000157D721EB80 49] iPhone6Plus, [00000157D6EBE300][00000157D7222CC0 49] iPhone6S, [00000157D6E91000][00000157D722AE40 49] iPhone6SPlus, [00000157D6EBF900][00000157D722EFC0 49] iPhone7Plus, [00000157D6E93500][00000157D7233140 49] iPhoneSE, [00000157D6F2CE00][00000157D72372C0 49] iPhone8, [00000157D6E90400][00000157D723B440 49] iPhone8Plus, [00000157D6F2DB00][00000157D723F5C0 49] iPhoneX, [00000157D6E91100][00000157D7243740 49] iPhoneXS, [00000157D6F2C300][00000157D72478C0 49] iPhoneXSMax, [00000157D6E92000][00000157D724BA40 49] iPhoneXR, [00000157D6F2C100][00000157D724FBC0 49] iPhone11, [00000157D6E90A00][00000157D72521C0 49] iPhone11Pro, [00000157D6F2E400][00000157D7256340 49] iPhone11ProMax, [00000157D6E91C00][00000157D725A4C0 49] iPhoneSE2, [00000157D6F2C600][00000157D725E640 49] iPhone12Mini, [00000157D6E90E00][00000157D72627C0 49] iPhone12, [00000157D6F2E000][00000157D7266940 49] iPhone12Pro, [00000157D6E91300][00000157D726AAC0 49] iPhone12ProMax, [00000157D6F2F200][00000157D7226C00 49] iPadPro105, [00000157D6E92900][00000157D726ED40 49] iPadPro129, [00000157D6F2E800][00000157D7272E80 49] iPadPro97, [00000157D6E93C00][00000157D7276FC0 49] iPadPro2_129, [00000157D6F2DD00][00000157D727F140 49] iPad5, [00000157D6E91D00][00000157D72832C0 49] iPad6, [00000157D6F2FC00][00000157D7287440 49] iPad7, [00000157D6E92600][00000157D728B5C0 49] iPad8, [00000157D6F2EB00][00000157D728F740 49] iPadPro11, [00000157D6E92700][00000157D72938C0 49] iPadPro2_11, [00000157D6F2E200][00000157D7297A40 49] iPadPro3_129, [00000157D6E91700][00000157D729BBC0 49] iPadPro4_129, [00000157D6F2C400][00000157D729E1C0 49] AppleTV, [00000157D6E92800][00000157D72A2340 49] AppleTV4K, [00000157D6F2C900][00000157D72A64C0 49] TVOS, [00000157D6E90100][00000157D72AA640 49] Mac, [00000157D6F2F800][00000157D72AE7C0 49] MacClient, [00000157D6E92F00][00000157D72B2940 49] MacNoEditor, [00000157D6F2D200][00000157D72B6AC0 49] MacServer, [00000157D6E93E00][00000157D72BAC40 49] Linux, [00000157D6F2E500][00000157D727AD80 49] LinuxAArch64, [00000157D6E93A00][00000157D72BEEC0 49] LinuxNoEditor, [00000157D6F2CD00][00000157D72C3000 49] LinuxAArch64NoEditor, [00000157D6E90300][00000157D72C7140 49] LinuxClient, [00000157D6F2C800][00000157D72CF2C0 49] LinuxAArch64Client, [00000157D6E93700][00000157D72D3440 49] LinuxServer, [00000157D6F2CB00][00000157D72D75C0 49] LinuxAArch64Server, [00000157D6E93D00][00000157D72DB740 49] Android, [00000157D6F2D600][00000157D72DF8C0 49] Android_Low, [00000157D6E93000][00000157D72E3A40 49] Android_Mid, [00000157D6F2F400][00000157D72E7BC0 49] Android_High, [00000157D6EDDF00][00000157D72EA1C0 49] Android_Default, [00000157D6EBD000][00000157D72EE340 49] Android_Adreno4xx, [00000157D6EDD200][00000157D72F24C0 49] Android_Adreno5xx_Low, [00000157D6EBE900][00000157D72F6640 49] Android_Adreno5xx, [00000157D6EDE500][00000157D72FA7C0 49] Android_Adreno6xx, [00000157D6EBEE00][00000157D72FE940 49] Android_Adreno6xx_Vulkan, [00000157D6EDD600][00000157D7302AC0 49] Android_Mali_T6xx, [00000157D6EBC600][00000157D7306C40 49] Android_Mali_T7xx, [00000157D6EDDB00][00000157D730ADC0 49] Android_Mali_T8xx, [00000157D6EBC900][00000157D730EF40 49] Android_Mali_G71, [00000157D6EDEE00][00000157D72CB080 49] Android_Mali_G72, [00000157D6EBCA00][00000157D73131C0 49] Android_Mali_G72_Vulkan, [00000157D6EDE900][00000157D7317300 49] Android_Mali_G76, [00000157D6EBD900][00000157D731F480 49] Android_Mali_G76_Vulkan, [00000157D6EDDC00][00000157D7323600 49] Android_Mali_G77, [00000157D6EBD400][00000157D7327780 49] Android_Mali_G77_Vulkan, [00000157D6EDF900][00000157D732B900 49] Android_Mali_G78, [00000157D6EBFA00][00000157D732FA80 49] Android_Mali_G78_Vulkan, [00000157D6EDFE00][00000157D7333C00 49] Android_Mali_G710, [00000157D6EBEB00][00000157D7336200 49] Android_Mali_G710_Vulkan, [00000157D6EDE000][00000157D733A380 49] Android_Vulkan_SM5, [00000157D6EBE400][00000157D733E500 49] Android_PowerVR_G6xxx, [00000157D6EDE600][00000157D7342680 49] Android_PowerVR_GT7xxx, [00000157D6EBD700][00000157D7346800 49] Android_PowerVR_GE8xxx, [00000157D6EDF700][00000157D734A980 49] Android_PowerVR_GM9xxx, [00000157D6EBE000][00000157D734EB00 49] Android_PowerVR_GM9xxx_Vulkan, [00000157D6EDFB00][00000157D7352C80 49] Android_TegraK1, [00000157D6EBFF00][00000157D7356E00 49] Android_Unknown_Vulkan, [00000157D6EDFD00][00000157D735AF80 49] Lumin, [00000157D6F2F600][00000157D735F100 49] Lumin_Desktop, [00000157D6EDFF00][00000157D731B240 49] HoloLens, 
[2023.10.25-00.53.17:768][  0]LogMeshReduction: Using QuadricMeshReduction for automatic static mesh reduction
[2023.10.25-00.53.17:768][  0]LogMeshReduction: Using SimplygonMeshReduction for automatic skeletal mesh reduction
[2023.10.25-00.53.17:768][  0]LogMeshReduction: Using ProxyLODMeshReduction for automatic mesh merging
[2023.10.25-00.53.17:768][  0]LogMeshReduction: No distributed automatic mesh merging module available
[2023.10.25-00.53.17:768][  0]LogMeshMerging: No distributed automatic mesh merging module available
[2023.10.25-00.53.17:792][  0]LogNetVersion: UE4AustinOzanFPS 1.0.0, NetCL: 17155196, EngineNetVer: 17, GameNetVer: 0 (Checksum: 4170679273)
[2023.10.25-00.53.18:361][  0]LogTexture: Default maximum texture size for cubemaps generated from long-lat sources has been changed from 512 to unlimited. In order to preserve old behaiour for '/Engine/MapTemplates/Sky/DaylightAmbientCubemap.DaylightAmbientCubemap', its maximum texture size has been explicitly set to 512.
[2023.10.25-00.53.18:451][  0]LogHMD: PokeAHoleMaterial loaded successfully
[2023.10.25-00.53.18:460][  0]LogUObjectArray: 17178 objects as part of root set at end of initial load.
[2023.10.25-00.53.18:460][  0]LogUObjectAllocator: 4302048 out of 0 bytes used by permanent object pool.
[2023.10.25-00.53.18:460][  0]LogUObjectArray: CloseDisregardForGC: 0/0 objects in disregard for GC pool
[2023.10.25-00.53.18:865][  0]LogPython: Using Python 3.7.7
[2023.10.25-00.53.19:675][  0]LogNiagaraDebuggerClient: Niagara Debugger Client Initialized | Session: A91618B844CB5EE4369F59A4D9F337FC | Instance: 72431E5C4B5587A761322EBF5B99F1FC (LAPTOP-FTPKFAPU-8880).
[2023.10.25-00.53.19:885][  0]LogTcpMessaging: Initializing TcpMessaging bridge
[2023.10.25-00.53.20:278][  0]LogUdpMessaging: Initializing bridge on interface 0.0.0.0:0 to multicast group 230.0.0.1:6666.
[2023.10.25-00.53.20:631][  0]SourceControl: Source control is disabled
[2023.10.25-00.53.20:631][  0]SourceControl: Source control is disabled
[2023.10.25-00.53.20:636][  0]SourceControl: Source control is disabled
[2023.10.25-00.53.20:640][  0]SourceControl: Source control is disabled
[2023.10.25-00.53.20:650][  0]SourceControl: Source control is disabled
[2023.10.25-00.53.20:659][  0]LogUProjectInfo: Found projects:
[2023.10.25-00.53.20:848][  0]LogOpenImageDenoise: OIDN starting up
[2023.10.25-00.53.20:928][  0]LogAndroidPermission: UAndroidPermissionCallbackProxy::GetInstance
[2023.10.25-00.53.20:963][  0]LogAudioCaptureCore: Display: No Audio Capture implementations found. Audio input will be silent.
[2023.10.25-00.53.20:963][  0]LogAudioCaptureCore: Display: No Audio Capture implementations found. Audio input will be silent.
[2023.10.25-00.53.21:159][  0]LogCollectionManager: Loaded 0 collections in 0.000983 seconds
[2023.10.25-00.53.21:243][  0]LogFileCache: Scanning file cache for directory 'D:/Unreal Projects/UnrealEngine/UE4AustinOzanFPS/Saved/Collections/' took 0.00s
[2023.10.25-00.53.21:243][  0]LogFileCache: Scanning file cache for directory 'D:/Unreal Projects/UnrealEngine/UE4AustinOzanFPS/Content/Developers/austi/Collections/' took 0.00s
[2023.10.25-00.53.21:243][  0]LogFileCache: Scanning file cache for directory 'D:/Unreal Projects/UnrealEngine/UE4AustinOzanFPS/Content/Collections/' took 0.00s
[2023.10.25-00.53.21:243][  0]LogOcInput: OculusInput pre-init called
[2023.10.25-00.53.21:564][  0]LogEngine: Initializing Engine...
[2023.10.25-00.53.21:567][  0]LogHMD: Failed to enumerate extensions. Please check that you have a valid OpenXR runtime installed.
[2023.10.25-00.53.21:567][  0]LogHMD: Failed to initialize OpenVR with code 110
[2023.10.25-00.53.21:567][  0]LogMagicLeap: Warning: VR disabled because ZI is not enabled.  To enable, in the editor, Edit -> Project Settings -> Plugins -> Magic Leap Plugin -> Enable Zero Iteration
[2023.10.25-00.53.21:569][  0]LogStats: UGameplayTagsManager::InitializeManager -  0.000 s
[2023.10.25-00.53.21:766][  0]LogInit: Initializing FReadOnlyCVARCache
[2023.10.25-00.53.21:776][  0]LogAIModule: Creating AISystem for world Untitled
[2023.10.25-00.53.21:776][  0]LogAudio: Display: Initializing Audio Device Manager...
[2023.10.25-00.53.21:782][  0]LogAudio: Display: Loading Default Audio Settings Objects...
[2023.10.25-00.53.21:783][  0]LogAudio: Display: No default SoundConcurrencyObject specified (or failed to load).
[2023.10.25-00.53.21:783][  0]LogAudio: Display: Audio Device Manager Initialized
[2023.10.25-00.53.21:783][  0]LogAudio: Display: Creating Audio Device:                 Id: 1, Scope: Shared, Realtime: True
[2023.10.25-00.53.21:784][  0]LogAudioMixer: Display: Audio Mixer Platform Settings:
[2023.10.25-00.53.21:784][  0]LogAudioMixer: Display: 	Sample Rate:						  48000
[2023.10.25-00.53.21:784][  0]LogAudioMixer: Display: 	Callback Buffer Frame Size Requested: 1024
[2023.10.25-00.53.21:784][  0]LogAudioMixer: Display: 	Callback Buffer Frame Size To Use:	  1024
[2023.10.25-00.53.21:784][  0]LogAudioMixer: Display: 	Number of buffers to queue:			  2
[2023.10.25-00.53.21:784][  0]LogAudioMixer: Display: 	Max Channels (voices):				  32
[2023.10.25-00.53.21:784][  0]LogAudioMixer: Display: 	Number of Async Source Workers:		  0
[2023.10.25-00.53.21:784][  0]LogAudio: Display: AudioDevice MaxSources: 32
[2023.10.25-00.53.21:784][  0]LogAudio: Display: Audio Spatialization Plugin: None (built-in).
[2023.10.25-00.53.21:784][  0]LogAudio: Display: Audio Reverb Plugin: None (built-in).
[2023.10.25-00.53.21:784][  0]LogAudio: Display: Audio Occlusion Plugin: None (built-in).
[2023.10.25-00.53.21:784][  0]LogAudioMixer: Display: Initializing audio mixer.
[2023.10.25-00.53.21:796][  0]LogAudioMixer: Display: 0: FrontLeft
[2023.10.25-00.53.21:796][  0]LogAudioMixer: Display: 1: FrontRight
[2023.10.25-00.53.22:423][  0]LogAudioMixer: Display: Using Audio Device Headphone (Realtek(R) Audio)
[2023.10.25-00.53.22:423][  0]LogAudioMixer: Display: Initializing Sound Submixes...
[2023.10.25-00.53.22:428][  0]LogAudioMixer: Display: Creating Master Submix 'MasterSubmixDefault'
[2023.10.25-00.53.22:428][  0]LogAudioMixer: Display: Creating Master Submix 'MasterReverbSubmixDefault'
[2023.10.25-00.53.22:429][  0]LogAudioMixer: Display: Creating Master Submix 'MasterEQSubmixDefault'
[2023.10.25-00.53.22:429][  0]LogAudioMixer: FMixerPlatformXAudio2::StartAudioStream() called
[2023.10.25-00.53.22:429][  0]LogAudioMixer: Display: Output buffers initialized: Frames=1024, Channels=2, Samples=2048
[2023.10.25-00.53.22:430][  0]LogAudioMixer: Display: Starting AudioMixerPlatformInterface::RunInternal()
[2023.10.25-00.53.22:430][  0]LogAudioMixer: Display: FMixerPlatformXAudio2::SubmitBuffer() called for the first time
[2023.10.25-00.53.22:430][  0]LogInit: FAudioDevice initialized.
[2023.10.25-00.53.22:431][  0]LogAudio: Display: Audio Device (ID: 1) registered with world 'Untitled'.
[2023.10.25-00.53.22:431][  0]LogNetVersion: Set ProjectVersion to 1.0.0.0. Version Checksum will be recalculated on next use.
[2023.10.25-00.53.22:516][  0]LogDerivedDataCache: Saved boot cache 0.09s 94MB C:/Users/austi/AppData/Local/UnrealEngine/4.27/DerivedDataCache/Boot.ddc.
[2023.10.25-00.53.22:517][  0]LogInit: Texture streaming: Enabled
[2023.10.25-00.53.22:537][  0]LogAnalytics: Display: [UEEditor.Rocket.Release] APIServer = https://datarouter.ol.epicgames.com/. AppVersion = 4.27.2-18319896+++UE4+Release-4.27
[2023.10.25-00.53.22:543][  0]LogEngineSessionManager: EngineSessionManager initialized
[2023.10.25-00.53.22:543][  0]LogEditorSessionSummary: Verbose: Initializing EditorSessionSummaryWriter for editor session tracking
[2023.10.25-00.53.22:546][  0]LogEditorSessionSummary: EditorSessionSummaryWriter initialized
[2023.10.25-00.53.22:571][  0]LogInit: Transaction tracking system initialized
[2023.10.25-00.53.22:602][  0]BlueprintLog: New page: Editor Load
[2023.10.25-00.53.22:955][  0]LocalizationService: Localization service is disabled
[2023.10.25-00.53.23:011][  0]TimingProfiler: Initialize
[2023.10.25-00.53.23:012][  0]TimingProfiler: OnSessionChanged
[2023.10.25-00.53.23:012][  0]LoadingProfiler: Initialize
[2023.10.25-00.53.23:012][  0]LoadingProfiler: OnSessionChanged
[2023.10.25-00.53.23:012][  0]NetworkingProfiler: Initialize
[2023.10.25-00.53.23:012][  0]NetworkingProfiler: OnSessionChanged
[2023.10.25-00.53.23:012][  0]MemoryProfiler: Initialize
[2023.10.25-00.53.23:012][  0]MemoryProfiler: OnSessionChanged
[2023.10.25-00.53.23:284][  0]LogCook: Display: CookSettings for Memory: MemoryMaxUsedVirtual 0MiB, MemoryMaxUsedPhysical 16384MiB, MemoryMinFreeVirtual 0MiB, MemoryMinFreePhysical 1024MiB
[2023.10.25-00.53.23:284][  0]LogCook: Display: Mobile HDR setting 1
[2023.10.25-00.53.23:578][  0]LogFileCache: Scanning file cache for directory 'D:/Unreal Projects/UnrealEngine/UE4AustinOzanFPS/Content/' took 0.00s
[2023.10.25-00.53.23:891][  0]LogInit: Display: Engine is initialized. Leaving FEngineLoop::Init()
[2023.10.25-00.53.23:896][  0]SourceControl: Source control is disabled
[2023.10.25-00.53.23:896][  0]LogUnrealEdMisc: Loading editor; pre map load, took 11.638
[2023.10.25-00.53.23:896][  0]Cmd: MAP LOAD FILE="../../../Engine/Content/Maps/Templates/Template_Default.umap" TEMPLATE=1 SHOWPROGRESS=1 FEATURELEVEL=3
[2023.10.25-00.53.23:897][  0]LightingResults: New page: Lighting Build
[2023.10.25-00.53.23:899][  0]LogWorld: UWorld::CleanupWorld for Untitled, bSessionEnded=true, bCleanupResources=true
[2023.10.25-00.53.23:899][  0]LogSlate: InvalidateAllWidgets triggered.  All widgets were invalidated
[2023.10.25-00.53.23:899][  0]MapCheck: New page: Map Check
[2023.10.25-00.53.23:899][  0]LightingResults: New page: Lighting Build
[2023.10.25-00.53.25:924][  0]LogAudio: Display: Audio Device unregistered from world 'None'.
[2023.10.25-00.53.25:927][  0]LogUObjectHash: Compacting FUObjectHashTables data took   1.16ms
[2023.10.25-00.53.26:005][  0]LogTexture: Display: Building textures: DeprecatedTextureEB9CBE3C423008B5E8E130901E171C89 (BGRA8, 128X128)
[2023.10.25-00.53.26:018][  0]LogAudio: Display: Audio Device (ID: 1) registered with world 'Untitled_1'.
[2023.10.25-00.53.26:019][  0]LogAIModule: Creating AISystem for world Untitled_1
[2023.10.25-00.53.26:027][  0]LogEditorServer: Finished looking for orphan Actors (0.000 secs)
[2023.10.25-00.53.27:746][  0]LogUObjectHash: Compacting FUObjectHashTables data took   0.93ms
[2023.10.25-00.53.27:746][  0]Cmd: MAP CHECKDEP NOCLEARLOG
[2023.10.25-00.53.27:746][  0]MapCheck: Map check complete: 0 Error(s), 0 Warning(s), took 0.106ms to complete.
[2023.10.25-00.53.27:746][  0]LogFileHelpers: Loading map 'Template_Default' took 3.849
[2023.10.25-00.53.27:748][  0]LogUnrealEdMisc: Total Editor Startup Time, took 15.489
[2023.10.25-00.53.27:905][  0]LogSlate: Updating window title bar state: overlay mode, drag disabled, window buttons hidden, title bar hidden
[2023.10.25-00.53.27:916][  0]LogSlate: Updating window title bar state: overlay mode, drag disabled, window buttons hidden, title bar hidden
[2023.10.25-00.53.27:923][  0]LogSlate: Updating window title bar state: overlay mode, drag disabled, window buttons hidden, title bar hidden
[2023.10.25-00.53.27:932][  0]LogSlate: Updating window title bar state: overlay mode, drag disabled, window buttons hidden, title bar hidden
[2023.10.25-00.53.27:951][  0]LogNativeClassHierarchy: Verbose: Native class hierarchy populated in 0.0130 seconds. Added 3822 classes and 928 folders.
[2023.10.25-00.53.27:954][  0]LogNativeClassHierarchy: Verbose: Native class hierarchy updated for 'WidgetCarousel' in 0.0004 seconds. Added 0 classes and 0 folders.
[2023.10.25-00.53.27:957][  0]LogPakFile: PakFile PrimaryIndexSize=187
[2023.10.25-00.53.27:957][  0]LogPakFile: PakFile PathHashIndexSize=101
[2023.10.25-00.53.27:957][  0]LogPakFile: PakFile FullDirectoryIndexSize=148
[2023.10.25-00.53.27:957][  0]LogShaderLibrary: Display: ShaderCodeLibraryPakFileMountedCallback: PakFile 'D:/Epic Games/UE_4.27/FeaturePacks/FP_FirstPerson.upack' (chunk index -1, root 'root:/') mounted
[2023.10.25-00.53.27:957][  0]LogShaderLibrary: Display: ShaderCodeLibraryPakFileMountedCallback: pending pak file info (ChunkID:-1 Root:root:/ File:D:/Epic Games/UE_4.27/FeaturePacks/FP_FirstPerson.upack)
[2023.10.25-00.53.27:957][  0]LogPakFile: OnPakFileMounted2Time == 0.000086
[2023.10.25-00.53.27:958][  0]LogPakFile: PakFile PrimaryIndexSize=189
[2023.10.25-00.53.27:958][  0]LogPakFile: PakFile PathHashIndexSize=101
[2023.10.25-00.53.27:958][  0]LogPakFile: PakFile FullDirectoryIndexSize=152
[2023.10.25-00.53.27:958][  0]LogShaderLibrary: Display: ShaderCodeLibraryPakFileMountedCallback: PakFile 'D:/Epic Games/UE_4.27/FeaturePacks/FP_FirstPersonBP.upack' (chunk index -1, root 'root:/') mounted
[2023.10.25-00.53.27:958][  0]LogShaderLibrary: Display: ShaderCodeLibraryPakFileMountedCallback: pending pak file info (ChunkID:-1 Root:root:/ File:D:/Epic Games/UE_4.27/FeaturePacks/FP_FirstPersonBP.upack)
[2023.10.25-00.53.27:958][  0]LogPakFile: OnPakFileMounted2Time == 0.000049
[2023.10.25-00.53.27:959][  0]LogPakFile: PakFile PrimaryIndexSize=191
[2023.10.25-00.53.27:959][  0]LogPakFile: PakFile PathHashIndexSize=101
[2023.10.25-00.53.27:959][  0]LogPakFile: PakFile FullDirectoryIndexSize=160
[2023.10.25-00.53.27:959][  0]LogShaderLibrary: Display: ShaderCodeLibraryPakFileMountedCallback: PakFile 'D:/Epic Games/UE_4.27/FeaturePacks/MobileStarterContent.upack' (chunk index -1, root 'root:/') mounted
[2023.10.25-00.53.27:959][  0]LogShaderLibrary: Display: ShaderCodeLibraryPakFileMountedCallback: pending pak file info (ChunkID:-1 Root:root:/ File:D:/Epic Games/UE_4.27/FeaturePacks/MobileStarterContent.upack)
[2023.10.25-00.53.27:959][  0]LogPakFile: OnPakFileMounted2Time == 0.000036
[2023.10.25-00.53.27:960][  0]LogPakFile: PakFile PrimaryIndexSize=185
[2023.10.25-00.53.27:960][  0]LogPakFile: PakFile PathHashIndexSize=101
[2023.10.25-00.53.27:960][  0]LogPakFile: PakFile FullDirectoryIndexSize=148
[2023.10.25-00.53.27:960][  0]LogShaderLibrary: Display: ShaderCodeLibraryPakFileMountedCallback: PakFile 'D:/Epic Games/UE_4.27/FeaturePacks/StarterContent.upack' (chunk index -1, root 'root:/') mounted
[2023.10.25-00.53.27:960][  0]LogShaderLibrary: Display: ShaderCodeLibraryPakFileMountedCallback: pending pak file info (ChunkID:-1 Root:root:/ File:D:/Epic Games/UE_4.27/FeaturePacks/StarterContent.upack)
[2023.10.25-00.53.27:960][  0]LogPakFile: OnPakFileMounted2Time == 0.000038
[2023.10.25-00.53.27:961][  0]LogPakFile: PakFile PrimaryIndexSize=190
[2023.10.25-00.53.27:961][  0]LogPakFile: PakFile PathHashIndexSize=101
[2023.10.25-00.53.27:961][  0]LogPakFile: PakFile FullDirectoryIndexSize=154
[2023.10.25-00.53.27:961][  0]LogShaderLibrary: Display: ShaderCodeLibraryPakFileMountedCallback: PakFile 'D:/Epic Games/UE_4.27/FeaturePacks/TP_2DSideScroller.upack' (chunk index -1, root 'root:/') mounted
[2023.10.25-00.53.27:961][  0]LogShaderLibrary: Display: ShaderCodeLibraryPakFileMountedCallback: pending pak file info (ChunkID:-1 Root:root:/ File:D:/Epic Games/UE_4.27/FeaturePacks/TP_2DSideScroller.upack)
[2023.10.25-00.53.27:961][  0]LogPakFile: OnPakFileMounted2Time == 0.000040
[2023.10.25-00.53.27:962][  0]LogPakFile: PakFile PrimaryIndexSize=192
[2023.10.25-00.53.27:962][  0]LogPakFile: PakFile PathHashIndexSize=101
[2023.10.25-00.53.27:962][  0]LogPakFile: PakFile FullDirectoryIndexSize=158
[2023.10.25-00.53.27:962][  0]LogShaderLibrary: Display: ShaderCodeLibraryPakFileMountedCallback: PakFile 'D:/Epic Games/UE_4.27/FeaturePacks/TP_2DSideScrollerBP.upack' (chunk index -1, root 'root:/') mounted
[2023.10.25-00.53.27:962][  0]LogShaderLibrary: Display: ShaderCodeLibraryPakFileMountedCallback: pending pak file info (ChunkID:-1 Root:root:/ File:D:/Epic Games/UE_4.27/FeaturePacks/TP_2DSideScrollerBP.upack)
[2023.10.25-00.53.27:962][  0]LogPakFile: OnPakFileMounted2Time == 0.000036
[2023.10.25-00.53.27:963][  0]LogPakFile: PakFile PrimaryIndexSize=182
[2023.10.25-00.53.27:963][  0]LogPakFile: PakFile PathHashIndexSize=101
[2023.10.25-00.53.27:963][  0]LogPakFile: PakFile FullDirectoryIndexSize=138
[2023.10.25-00.53.27:963][  0]LogShaderLibrary: Display: ShaderCodeLibraryPakFileMountedCallback: PakFile 'D:/Epic Games/UE_4.27/FeaturePacks/TP_Flying.upack' (chunk index -1, root 'root:/') mounted
[2023.10.25-00.53.27:963][  0]LogShaderLibrary: Display: ShaderCodeLibraryPakFileMountedCallback: pending pak file info (ChunkID:-1 Root:root:/ File:D:/Epic Games/UE_4.27/FeaturePacks/TP_Flying.upack)
[2023.10.25-00.53.27:963][  0]LogPakFile: OnPakFileMounted2Time == 0.000037
[2023.10.25-00.53.27:964][  0]LogPakFile: PakFile PrimaryIndexSize=184
[2023.10.25-00.53.27:964][  0]LogPakFile: PakFile PathHashIndexSize=101
[2023.10.25-00.53.27:964][  0]LogPakFile: PakFile FullDirectoryIndexSize=142
[2023.10.25-00.53.27:964][  0]LogShaderLibrary: Display: ShaderCodeLibraryPakFileMountedCallback: PakFile 'D:/Epic Games/UE_4.27/FeaturePacks/TP_FlyingBP.upack' (chunk index -1, root 'root:/') mounted
[2023.10.25-00.53.27:964][  0]LogShaderLibrary: Display: ShaderCodeLibraryPakFileMountedCallback: pending pak file info (ChunkID:-1 Root:root:/ File:D:/Epic Games/UE_4.27/FeaturePacks/TP_FlyingBP.upack)
[2023.10.25-00.53.27:964][  0]LogPakFile: OnPakFileMounted2Time == 0.000036
[2023.10.25-00.53.27:965][  0]LogPakFile: PakFile PrimaryIndexSize=188
[2023.10.25-00.53.27:965][  0]LogPakFile: PakFile PathHashIndexSize=101
[2023.10.25-00.53.27:965][  0]LogPakFile: PakFile FullDirectoryIndexSize=150
[2023.10.25-00.53.27:965][  0]LogShaderLibrary: Display: ShaderCodeLibraryPakFileMountedCallback: PakFile 'D:/Epic Games/UE_4.27/FeaturePacks/TP_HandheldARBP.upack' (chunk index -1, root 'root:/') mounted
[2023.10.25-00.53.27:965][  0]LogShaderLibrary: Display: ShaderCodeLibraryPakFileMountedCallback: pending pak file info (ChunkID:-1 Root:root:/ File:D:/Epic Games/UE_4.27/FeaturePacks/TP_HandheldARBP.upack)
[2023.10.25-00.53.27:965][  0]LogPakFile: OnPakFileMounted2Time == 0.000038
[2023.10.25-00.53.27:966][  0]LogPakFile: PakFile PrimaryIndexSize=182
[2023.10.25-00.53.27:966][  0]LogPakFile: PakFile PathHashIndexSize=101
[2023.10.25-00.53.27:966][  0]LogPakFile: PakFile FullDirectoryIndexSize=138
[2023.10.25-00.53.27:966][  0]LogShaderLibrary: Display: ShaderCodeLibraryPakFileMountedCallback: PakFile 'D:/Epic Games/UE_4.27/FeaturePacks/TP_Puzzle.upack' (chunk index -1, root 'root:/') mounted
[2023.10.25-00.53.27:966][  0]LogShaderLibrary: Display: ShaderCodeLibraryPakFileMountedCallback: pending pak file info (ChunkID:-1 Root:root:/ File:D:/Epic Games/UE_4.27/FeaturePacks/TP_Puzzle.upack)
[2023.10.25-00.53.27:966][  0]LogPakFile: OnPakFileMounted2Time == 0.000041
[2023.10.25-00.53.27:967][  0]LogPakFile: PakFile PrimaryIndexSize=184
[2023.10.25-00.53.27:967][  0]LogPakFile: PakFile PathHashIndexSize=101
[2023.10.25-00.53.27:967][  0]LogPakFile: PakFile FullDirectoryIndexSize=142
[2023.10.25-00.53.27:967][  0]LogShaderLibrary: Display: ShaderCodeLibraryPakFileMountedCallback: PakFile 'D:/Epic Games/UE_4.27/FeaturePacks/TP_PuzzleBP.upack' (chunk index -1, root 'root:/') mounted
[2023.10.25-00.53.27:967][  0]LogShaderLibrary: Display: ShaderCodeLibraryPakFileMountedCallback: pending pak file info (ChunkID:-1 Root:root:/ File:D:/Epic Games/UE_4.27/FeaturePacks/TP_PuzzleBP.upack)
[2023.10.25-00.53.27:967][  0]LogPakFile: OnPakFileMounted2Time == 0.000045
[2023.10.25-00.53.27:969][  0]LogPakFile: PakFile PrimaryIndexSize=183
[2023.10.25-00.53.27:969][  0]LogPakFile: PakFile PathHashIndexSize=101
[2023.10.25-00.53.27:969][  0]LogPakFile: PakFile FullDirectoryIndexSize=140
[2023.10.25-00.53.27:969][  0]LogShaderLibrary: Display: ShaderCodeLibraryPakFileMountedCallback: PakFile 'D:/Epic Games/UE_4.27/FeaturePacks/TP_Rolling.upack' (chunk index -1, root 'root:/') mounted
[2023.10.25-00.53.27:969][  0]LogShaderLibrary: Display: ShaderCodeLibraryPakFileMountedCallback: pending pak file info (ChunkID:-1 Root:root:/ File:D:/Epic Games/UE_4.27/FeaturePacks/TP_Rolling.upack)
[2023.10.25-00.53.27:969][  0]LogPakFile: OnPakFileMounted2Time == 0.000044
[2023.10.25-00.53.27:969][  0]LogPakFile: PakFile PrimaryIndexSize=185
[2023.10.25-00.53.27:969][  0]LogPakFile: PakFile PathHashIndexSize=101
[2023.10.25-00.53.27:969][  0]LogPakFile: PakFile FullDirectoryIndexSize=144
[2023.10.25-00.53.27:971][  0]LogShaderLibrary: Display: ShaderCodeLibraryPakFileMountedCallback: PakFile 'D:/Epic Games/UE_4.27/FeaturePacks/TP_RollingBP.upack' (chunk index -1, root 'root:/') mounted
[2023.10.25-00.53.27:971][  0]LogShaderLibrary: Display: ShaderCodeLibraryPakFileMountedCallback: pending pak file info (ChunkID:-1 Root:root:/ File:D:/Epic Games/UE_4.27/FeaturePacks/TP_RollingBP.upack)
[2023.10.25-00.53.27:971][  0]LogPakFile: OnPakFileMounted2Time == 0.000044
[2023.10.25-00.53.27:972][  0]LogPakFile: PakFile PrimaryIndexSize=188
[2023.10.25-00.53.27:972][  0]LogPakFile: PakFile PathHashIndexSize=101
[2023.10.25-00.53.27:972][  0]LogPakFile: PakFile FullDirectoryIndexSize=150
[2023.10.25-00.53.27:972][  0]LogShaderLibrary: Display: ShaderCodeLibraryPakFileMountedCallback: PakFile 'D:/Epic Games/UE_4.27/FeaturePacks/TP_SideScroller.upack' (chunk index -1, root 'root:/') mounted
[2023.10.25-00.53.27:972][  0]LogShaderLibrary: Display: ShaderCodeLibraryPakFileMountedCallback: pending pak file info (ChunkID:-1 Root:root:/ File:D:/Epic Games/UE_4.27/FeaturePacks/TP_SideScroller.upack)
[2023.10.25-00.53.27:972][  0]LogPakFile: OnPakFileMounted2Time == 0.000037
[2023.10.25-00.53.27:973][  0]LogPakFile: PakFile PrimaryIndexSize=190
[2023.10.25-00.53.27:973][  0]LogPakFile: PakFile PathHashIndexSize=101
[2023.10.25-00.53.27:973][  0]LogPakFile: PakFile FullDirectoryIndexSize=154
[2023.10.25-00.53.27:973][  0]LogShaderLibrary: Display: ShaderCodeLibraryPakFileMountedCallback: PakFile 'D:/Epic Games/UE_4.27/FeaturePacks/TP_SideScrollerBP.upack' (chunk index -1, root 'root:/') mounted
[2023.10.25-00.53.27:973][  0]LogShaderLibrary: Display: ShaderCodeLibraryPakFileMountedCallback: pending pak file info (ChunkID:-1 Root:root:/ File:D:/Epic Games/UE_4.27/FeaturePacks/TP_SideScrollerBP.upack)
[2023.10.25-00.53.27:973][  0]LogPakFile: OnPakFileMounted2Time == 0.000040
[2023.10.25-00.53.27:974][  0]LogPakFile: PakFile PrimaryIndexSize=187
[2023.10.25-00.53.27:974][  0]LogPakFile: PakFile PathHashIndexSize=101
[2023.10.25-00.53.27:974][  0]LogPakFile: PakFile FullDirectoryIndexSize=148
[2023.10.25-00.53.27:974][  0]LogShaderLibrary: Display: ShaderCodeLibraryPakFileMountedCallback: PakFile 'D:/Epic Games/UE_4.27/FeaturePacks/TP_ThirdPerson.upack' (chunk index -1, root 'root:/') mounted
[2023.10.25-00.53.27:974][  0]LogShaderLibrary: Display: ShaderCodeLibraryPakFileMountedCallback: pending pak file info (ChunkID:-1 Root:root:/ File:D:/Epic Games/UE_4.27/FeaturePacks/TP_ThirdPerson.upack)
[2023.10.25-00.53.27:974][  0]LogPakFile: OnPakFileMounted2Time == 0.000067
[2023.10.25-00.53.27:976][  0]LogPakFile: PakFile PrimaryIndexSize=189
[2023.10.25-00.53.27:976][  0]LogPakFile: PakFile PathHashIndexSize=101
[2023.10.25-00.53.27:976][  0]LogPakFile: PakFile FullDirectoryIndexSize=152
[2023.10.25-00.53.27:976][  0]LogShaderLibrary: Display: ShaderCodeLibraryPakFileMountedCallback: PakFile 'D:/Epic Games/UE_4.27/FeaturePacks/TP_ThirdPersonBP.upack' (chunk index -1, root 'root:/') mounted
[2023.10.25-00.53.27:976][  0]LogShaderLibrary: Display: ShaderCodeLibraryPakFileMountedCallback: pending pak file info (ChunkID:-1 Root:root:/ File:D:/Epic Games/UE_4.27/FeaturePacks/TP_ThirdPersonBP.upack)
[2023.10.25-00.53.27:976][  0]LogPakFile: OnPakFileMounted2Time == 0.000066
[2023.10.25-00.53.27:977][  0]LogPakFile: PakFile PrimaryIndexSize=183
[2023.10.25-00.53.27:977][  0]LogPakFile: PakFile PathHashIndexSize=101
[2023.10.25-00.53.27:977][  0]LogPakFile: PakFile FullDirectoryIndexSize=140
[2023.10.25-00.53.27:977][  0]LogShaderLibrary: Display: ShaderCodeLibraryPakFileMountedCallback: PakFile 'D:/Epic Games/UE_4.27/FeaturePacks/TP_TopDown.upack' (chunk index -1, root 'root:/') mounted
[2023.10.25-00.53.27:978][  0]LogShaderLibrary: Display: ShaderCodeLibraryPakFileMountedCallback: pending pak file info (ChunkID:-1 Root:root:/ File:D:/Epic Games/UE_4.27/FeaturePacks/TP_TopDown.upack)
[2023.10.25-00.53.27:978][  0]LogPakFile: OnPakFileMounted2Time == 0.000055
[2023.10.25-00.53.27:979][  0]LogPakFile: PakFile PrimaryIndexSize=185
[2023.10.25-00.53.27:979][  0]LogPakFile: PakFile PathHashIndexSize=101
[2023.10.25-00.53.27:979][  0]LogPakFile: PakFile FullDirectoryIndexSize=144
[2023.10.25-00.53.27:979][  0]LogShaderLibrary: Display: ShaderCodeLibraryPakFileMountedCallback: PakFile 'D:/Epic Games/UE_4.27/FeaturePacks/TP_TopDownBP.upack' (chunk index -1, root 'root:/') mounted
[2023.10.25-00.53.27:979][  0]LogShaderLibrary: Display: ShaderCodeLibraryPakFileMountedCallback: pending pak file info (ChunkID:-1 Root:root:/ File:D:/Epic Games/UE_4.27/FeaturePacks/TP_TopDownBP.upack)
[2023.10.25-00.53.27:979][  0]LogPakFile: OnPakFileMounted2Time == 0.000061
[2023.10.25-00.53.27:980][  0]LogPakFile: PakFile PrimaryIndexSize=185
[2023.10.25-00.53.27:980][  0]LogPakFile: PakFile PathHashIndexSize=101
[2023.10.25-00.53.27:980][  0]LogPakFile: PakFile FullDirectoryIndexSize=144
[2023.10.25-00.53.27:980][  0]LogShaderLibrary: Display: ShaderCodeLibraryPakFileMountedCallback: PakFile 'D:/Epic Games/UE_4.27/FeaturePacks/TP_TwinStick.upack' (chunk index -1, root 'root:/') mounted
[2023.10.25-00.53.27:980][  0]LogShaderLibrary: Display: ShaderCodeLibraryPakFileMountedCallback: pending pak file info (ChunkID:-1 Root:root:/ File:D:/Epic Games/UE_4.27/FeaturePacks/TP_TwinStick.upack)
[2023.10.25-00.53.27:980][  0]LogPakFile: OnPakFileMounted2Time == 0.000065
[2023.10.25-00.53.27:981][  0]LogPakFile: PakFile PrimaryIndexSize=187
[2023.10.25-00.53.27:981][  0]LogPakFile: PakFile PathHashIndexSize=101
[2023.10.25-00.53.27:981][  0]LogPakFile: PakFile FullDirectoryIndexSize=148
[2023.10.25-00.53.27:981][  0]LogShaderLibrary: Display: ShaderCodeLibraryPakFileMountedCallback: PakFile 'D:/Epic Games/UE_4.27/FeaturePacks/TP_TwinStickBP.upack' (chunk index -1, root 'root:/') mounted
[2023.10.25-00.53.27:981][  0]LogShaderLibrary: Display: ShaderCodeLibraryPakFileMountedCallback: pending pak file info (ChunkID:-1 Root:root:/ File:D:/Epic Games/UE_4.27/FeaturePacks/TP_TwinStickBP.upack)
[2023.10.25-00.53.27:981][  0]LogPakFile: OnPakFileMounted2Time == 0.000044
[2023.10.25-00.53.27:982][  0]LogPakFile: PakFile PrimaryIndexSize=183
[2023.10.25-00.53.27:982][  0]LogPakFile: PakFile PathHashIndexSize=101
[2023.10.25-00.53.27:982][  0]LogPakFile: PakFile FullDirectoryIndexSize=140
[2023.10.25-00.53.27:982][  0]LogShaderLibrary: Display: ShaderCodeLibraryPakFileMountedCallback: PakFile 'D:/Epic Games/UE_4.27/FeaturePacks/TP_Vehicle.upack' (chunk index -1, root 'root:/') mounted
[2023.10.25-00.53.27:982][  0]LogShaderLibrary: Display: ShaderCodeLibraryPakFileMountedCallback: pending pak file info (ChunkID:-1 Root:root:/ File:D:/Epic Games/UE_4.27/FeaturePacks/TP_Vehicle.upack)
[2023.10.25-00.53.27:982][  0]LogPakFile: OnPakFileMounted2Time == 0.000039
[2023.10.25-00.53.27:984][  0]LogPakFile: PakFile PrimaryIndexSize=186
[2023.10.25-00.53.27:984][  0]LogPakFile: PakFile PathHashIndexSize=101
[2023.10.25-00.53.27:984][  0]LogPakFile: PakFile FullDirectoryIndexSize=146
[2023.10.25-00.53.27:984][  0]LogShaderLibrary: Display: ShaderCodeLibraryPakFileMountedCallback: PakFile 'D:/Epic Games/UE_4.27/FeaturePacks/TP_VehicleAdv.upack' (chunk index -1, root 'root:/') mounted
[2023.10.25-00.53.27:984][  0]LogShaderLibrary: Display: ShaderCodeLibraryPakFileMountedCallback: pending pak file info (ChunkID:-1 Root:root:/ File:D:/Epic Games/UE_4.27/FeaturePacks/TP_VehicleAdv.upack)
[2023.10.25-00.53.27:984][  0]LogPakFile: OnPakFileMounted2Time == 0.000064
[2023.10.25-00.53.27:986][  0]LogPakFile: PakFile PrimaryIndexSize=188
[2023.10.25-00.53.27:986][  0]LogPakFile: PakFile PathHashIndexSize=101
[2023.10.25-00.53.27:986][  0]LogPakFile: PakFile FullDirectoryIndexSize=150
[2023.10.25-00.53.27:986][  0]LogShaderLibrary: Display: ShaderCodeLibraryPakFileMountedCallback: PakFile 'D:/Epic Games/UE_4.27/FeaturePacks/TP_VehicleAdvBP.upack' (chunk index -1, root 'root:/') mounted
[2023.10.25-00.53.27:986][  0]LogShaderLibrary: Display: ShaderCodeLibraryPakFileMountedCallback: pending pak file info (ChunkID:-1 Root:root:/ File:D:/Epic Games/UE_4.27/FeaturePacks/TP_VehicleAdvBP.upack)
[2023.10.25-00.53.27:987][  0]LogPakFile: OnPakFileMounted2Time == 0.000089
[2023.10.25-00.53.27:988][  0]LogPakFile: PakFile PrimaryIndexSize=185
[2023.10.25-00.53.27:988][  0]LogPakFile: PakFile PathHashIndexSize=101
[2023.10.25-00.53.27:988][  0]LogPakFile: PakFile FullDirectoryIndexSize=144
[2023.10.25-00.53.27:988][  0]LogShaderLibrary: Display: ShaderCodeLibraryPakFileMountedCallback: PakFile 'D:/Epic Games/UE_4.27/FeaturePacks/TP_VehicleBP.upack' (chunk index -1, root 'root:/') mounted
[2023.10.25-00.53.27:988][  0]LogShaderLibrary: Display: ShaderCodeLibraryPakFileMountedCallback: pending pak file info (ChunkID:-1 Root:root:/ File:D:/Epic Games/UE_4.27/FeaturePacks/TP_VehicleBP.upack)
[2023.10.25-00.53.27:988][  0]LogPakFile: OnPakFileMounted2Time == 0.000075
[2023.10.25-00.53.27:989][  0]LogPakFile: PakFile PrimaryIndexSize=192
[2023.10.25-00.53.27:989][  0]LogPakFile: PakFile PathHashIndexSize=101
[2023.10.25-00.53.27:989][  0]LogPakFile: PakFile FullDirectoryIndexSize=158
[2023.10.25-00.53.27:989][  0]LogShaderLibrary: Display: ShaderCodeLibraryPakFileMountedCallback: PakFile 'D:/Epic Games/UE_4.27/FeaturePacks/TP_VirtualRealityBP.upack' (chunk index -1, root 'root:/') mounted
[2023.10.25-00.53.27:989][  0]LogShaderLibrary: Display: ShaderCodeLibraryPakFileMountedCallback: pending pak file info (ChunkID:-1 Root:root:/ File:D:/Epic Games/UE_4.27/FeaturePacks/TP_VirtualRealityBP.upack)
[2023.10.25-00.53.27:989][  0]LogPakFile: OnPakFileMounted2Time == 0.000044
[2023.10.25-00.53.28:089][  0]LogNativeClassHierarchy: Verbose: Native class hierarchy updated for 'AddContentDialog' in 0.0004 seconds. Added 0 classes and 0 folders.
[2023.10.25-00.53.28:091][  0]LogNativeClassHierarchy: Verbose: Native class hierarchy updated for 'SceneOutliner' in 0.0003 seconds. Added 2 classes and 0 folders.
[2023.10.25-00.53.28:216][  0]LogSlate: Took 0.000336 seconds to synchronously load lazily loaded font '../../../Engine/Content/Slate/Fonts/Roboto-Regular.ttf' (155K)
[2023.10.25-00.53.28:218][  0]LogSlate: Took 0.000562 seconds to synchronously load lazily loaded font '../../../Engine/Content/Editor/Slate/Fonts/FontAwesome.ttf' (139K)
[2023.10.25-00.53.28:219][  0]LogSlate: Took 0.000378 seconds to synchronously load lazily loaded font '../../../Engine/Content/Slate/Fonts/Roboto-Bold.ttf' (160K)
[2023.10.25-00.53.28:335][  0]LogRenderer: Reallocating scene render targets to support 1208x568 Format 9 NumSamples 1 (Frame:1).
[2023.10.25-00.53.28:585][  0]LogNativeClassHierarchy: Verbose: Native class hierarchy updated for 'HierarchicalLODOutliner' in 0.0003 seconds. Added 0 classes and 0 folders.
[2023.10.25-00.53.28:585][  0]LogLoad: (Engine Initialization) Total time: 16.33 seconds
[2023.10.25-00.53.28:585][  0]LogLoad: (Engine Initialization) Total Blueprint compile time: 0.00 seconds
[2023.10.25-00.53.28:664][  0]LogContentStreaming: Texture pool size now 400 MB
